Arguments: 
  /home/sinkline/.nvm/versions/node/v15.12.0/bin/node /usr/share/yarn/bin/yarn.js install

PATH: 
  /home/sinkline/.rvm/gems/ruby-2.6.6/bin:/home/sinkline/.rvm/gems/ruby-2.6.6@global/bin:/home/sinkline/.rvm/rubies/ruby-2.6.6/bin:/home/sinkline/.local/bin:/home/sinkline/.nvm/versions/node/v15.12.0/bin:/home/sinkline/.local/bin:/usr/local/sbin:/usr/local/bin:/usr/sbin:/usr/bin:/sbin:/bin:/usr/games:/usr/local/games:/home/sinkline/.rvm/bin:/home/sinkline/.rvm/bin

Yarn version: 
  1.21.1

Node version: 
  15.12.0

Platform: 
  linux x64

Trace: 
  Error: ENOSPC: no space left on device, write

npm manifest: 
  {
    "name": "modal-window",
    "version": "0.1.0",
    "private": true,
    "dependencies": {
      "@testing-library/jest-dom": "^5.11.4",
      "@testing-library/react": "^11.1.0",
      "@testing-library/user-event": "^12.1.10",
      "3d-react-carousal": "^4.0.1",
      "axios": "^0.21.1",
      "react": "^17.0.2",
      "react-dom": "^17.0.2",
      "react-redux": "^7.2.4",
      "react-router-dom": "^5.2.0",
      "react-scripts": "4.0.3",
      "react-slick": "^0.28.1",
      "redux": "^4.1.0",
      "redux-thunk": "^2.3.0",
      "sass": "^1.35.1",
      "slick-carousel": "^1.8.1",
      "swiper": "^6.7.5",
      "web-vitals": "^1.0.1"
    },
    "scripts": {
      "start": "react-scripts start",
      "build": "react-scripts build",
      "test": "react-scripts test",
      "eject": "react-scripts eject"
    },
    "eslintConfig": {
      "extends": [
        "react-app",
        "react-app/jest"
      ]
    },
    "browserslist": {
      "production": [
        ">0.2%",
        "not dead",
        "not op_mini all"
      ],
      "development": [
        "last 1 chrome version",
        "last 1 firefox version",
        "last 1 safari version"
      ]
    }
  }

yarn manifest: 
  No manifest

Lockfile: 
  # THIS IS AN AUTOGENERATED FILE. DO NOT EDIT THIS FILE DIRECTLY.
  # yarn lockfile v1
  
  
  "@babel/code-frame@^7.0.0", "@babel/code-frame@^7.10.4", "@babel/code-frame@^7.12.13", "@babel/code-frame@^7.5.5":
    "integrity" "sha512-HV1Cm0Q3ZrpCR93tkWOYiuYIgLxZXZFVG2VgK+MBWjUqZTundupbfx2aXarXuw5Ko5aMcjtJgbSs4vUGBS5v6g=="
    "resolved" "https://registry.npmjs.org/@babel/code-frame/-/code-frame-7.12.13.tgz"
    "version" "7.12.13"
    dependencies:
      "@babel/highlight" "^7.12.13"
  
  "@babel/code-frame@7.10.4":
    "integrity" "sha512-vG6SvB6oYEhvgisZNFRmRCUkLz11c7rp+tbNTynGqc6mS1d5ATd/sGyV6W0KZZnXRKMTzZDRgQT3Ou9jhpAfUg=="
    "resolved" "https://registry.npmjs.org/@babel/code-frame/-/code-frame-7.10.4.tgz"
    "version" "7.10.4"
    dependencies:
      "@babel/highlight" "^7.10.4"
  
  "@babel/code-frame@7.12.11":
    "integrity" "sha512-Zt1yodBx1UcyiePMSkWnU4hPqhwq7hGi2nFL1LeA3EUl+q2LQx16MISgJ0+z7dnmgvP9QtIleuETGOiOH1RcIw=="
    "resolved" "https://registry.npmjs.org/@babel/code-frame/-/code-frame-7.12.11.tgz"
    "version" "7.12.11"
    dependencies:
      "@babel/highlight" "^7.10.4"
  
  "@babel/compat-data@^7.12.1", "@babel/compat-data@^7.12.13":
    "integrity" "sha512-U/hshG5R+SIoW7HVWIdmy1cB7s3ki+r3FpyEZiCgpi4tFgPnX/vynY80ZGSASOIrUM6O7VxOgCZgdt7h97bUGg=="
    "resolved" "https://registry.npmjs.org/@babel/compat-data/-/compat-data-7.12.13.tgz"
    "version" "7.12.13"
  
  "@babel/core@^7.0.0", "@babel/core@^7.0.0-0", "@babel/core@^7.1.0", "@babel/core@^7.12.3", "@babel/core@^7.7.5", "@babel/core@^7.8.4", "@babel/core@7 || ^7.0.0-rc.2":
    "integrity" "sha512-V3CuX1aBywbJvV2yzJScRxeiiw0v2KZZYYE3giywxzFJL13RiyPjaaDwhDnxmgFTTS7FgvM2ijr4QmKNIu0AtQ=="
    "resolved" "https://registry.npmjs.org/@babel/core/-/core-7.12.17.tgz"
    "version" "7.12.17"
    dependencies:
      "@babel/code-frame" "^7.12.13"
      "@babel/generator" "^7.12.17"
      "@babel/helper-module-transforms" "^7.12.17"
      "@babel/helpers" "^7.12.17"
      "@babel/parser" "^7.12.17"
      "@babel/template" "^7.12.13"
      "@babel/traverse" "^7.12.17"
      "@babel/types" "^7.12.17"
      "convert-source-map" "^1.7.0"
      "debug" "^4.1.0"
      "gensync" "^1.0.0-beta.1"
      "json5" "^2.1.2"
      "lodash" "^4.17.19"
      "semver" "^5.4.1"
      "source-map" "^0.5.0"
  
  "@babel/core@7.12.3":
    "integrity" "sha512-0qXcZYKZp3/6N2jKYVxZv0aNCsxTSVCiK72DTiTYZAu7sjg73W0/aynWjMbiGd87EQL4WyA8reiJVh92AVla9g=="
    "resolved" "https://registry.npmjs.org/@babel/core/-/core-7.12.3.tgz"
    "version" "7.12.3"
    dependencies:
      "@babel/code-frame" "^7.10.4"
      "@babel/generator" "^7.12.1"
      "@babel/helper-module-transforms" "^7.12.1"
      "@babel/helpers" "^7.12.1"
      "@babel/parser" "^7.12.3"
      "@babel/template" "^7.10.4"
      "@babel/traverse" "^7.12.1"
      "@babel/types" "^7.12.1"
      "convert-source-map" "^1.7.0"
      "debug" "^4.1.0"
      "gensync" "^1.0.0-beta.1"
      "json5" "^2.1.2"
      "lodash" "^4.17.19"
      "resolve" "^1.3.2"
      "semver" "^5.4.1"
      "source-map" "^0.5.0"
  
  "@babel/generator@^7.12.1", "@babel/generator@^7.12.17":
    "integrity" "sha512-DSA7ruZrY4WI8VxuS1jWSRezFnghEoYEFrZcw9BizQRmOZiUsiHl59+qEARGPqPikwA/GPTyRCi7isuCK/oyqg=="
    "resolved" "https://registry.npmjs.org/@babel/generator/-/generator-7.12.17.tgz"
    "version" "7.12.17"
    dependencies:
      "@babel/types" "^7.12.17"
      "jsesc" "^2.5.1"
      "source-map" "^0.5.0"
  
  "@babel/helper-annotate-as-pure@^7.10.4", "@babel/helper-annotate-as-pure@^7.12.13":
    "integrity" "sha512-7YXfX5wQ5aYM/BOlbSccHDbuXXFPxeoUmfWtz8le2yTkTZc+BxsiEnENFoi2SlmA8ewDkG2LgIMIVzzn2h8kfw=="
    "resolved" "https://registry.npmjs.org/@babel/helper-annotate-as-pure/-/helper-annotate-as-pure-7.12.13.tgz"
    "version" "7.12.13"
    dependencies:
      "@babel/types" "^7.12.13"
  
  "@babel/helper-builder-binary-assignment-operator-visitor@^7.12.13":
    "integrity" "sha512-CZOv9tGphhDRlVjVkAgm8Nhklm9RzSmWpX2my+t7Ua/KT616pEzXsQCjinzvkRvHWJ9itO4f296efroX23XCMA=="
    "resolved" "https://registry.npmjs.org/@babel/helper-builder-binary-assignment-operator-visitor/-/helper-builder-binary-assignment-operator-visitor-7.12.13.tgz"
    "version" "7.12.13"
    dependencies:
      "@babel/helper-explode-assignable-expression" "^7.12.13"
      "@babel/types" "^7.12.13"
  
  "@babel/helper-compilation-targets@^7.12.1", "@babel/helper-compilation-targets@^7.12.17":
    "integrity" "sha512-5EkibqLVYOuZ89BSg2lv+GG8feywLuvMXNYgf0Im4MssE0mFWPztSpJbildNnUgw0bLI2EsIN4MpSHC2iUJkQA=="
    "resolved" "https://registry.npmjs.org/@babel/helper-compilation-targets/-/helper-compilation-targets-7.12.17.tgz"
    "version" "7.12.17"
    dependencies:
      "@babel/compat-data" "^7.12.13"
      "@babel/helper-validator-option" "^7.12.17"
      "browserslist" "^4.14.5"
      "semver" "^5.5.0"
  
  "@babel/helper-create-class-features-plugin@^7.12.1", "@babel/helper-create-class-features-plugin@^7.12.13", "@babel/helper-create-class-features-plugin@^7.12.17":
    "integrity" "sha512-I/nurmTxIxHV0M+rIpfQBF1oN342+yvl2kwZUrQuOClMamHF1w5tknfZubgNOLRoA73SzBFAdFcpb4M9HwOeWQ=="
    "resolved" "https://registry.npmjs.org/@babel/helper-create-class-features-plugin/-/helper-create-class-features-plugin-7.12.17.tgz"
    "version" "7.12.17"
    dependencies:
      "@babel/helper-function-name" "^7.12.13"
      "@babel/helper-member-expression-to-functions" "^7.12.17"
      "@babel/helper-optimise-call-expression" "^7.12.13"
      "@babel/helper-replace-supers" "^7.12.13"
      "@babel/helper-split-export-declaration" "^7.12.13"
  
  "@babel/helper-create-regexp-features-plugin@^7.12.13":
    "integrity" "sha512-p2VGmBu9oefLZ2nQpgnEnG0ZlRPvL8gAGvPUMQwUdaE8k49rOMuZpOwdQoy5qJf6K8jL3bcAMhVUlHAjIgJHUg=="
    "resolved" "https://registry.npmjs.org/@babel/helper-create-regexp-features-plugin/-/helper-create-regexp-features-plugin-7.12.17.tgz"
    "version" "7.12.17"
    dependencies:
      "@babel/helper-annotate-as-pure" "^7.12.13"
      "regexpu-core" "^4.7.1"
  
  "@babel/helper-explode-assignable-expression@^7.12.13":
    "integrity" "sha512-5loeRNvMo9mx1dA/d6yNi+YiKziJZFylZnCo1nmFF4qPU4yJ14abhWESuSMQSlQxWdxdOFzxXjk/PpfudTtYyw=="
    "resolved" "https://registry.npmjs.org/@babel/helper-explode-assignable-expression/-/helper-explode-assignable-expression-7.12.13.tgz"
    "version" "7.12.13"
    dependencies:
      "@babel/types" "^7.12.13"
  
  "@babel/helper-function-name@^7.12.13":
    "integrity" "sha512-TZvmPn0UOqmvi5G4vvw0qZTpVptGkB1GL61R6lKvrSdIxGm5Pky7Q3fpKiIkQCAtRCBUwB0PaThlx9vebCDSwA=="
    "resolved" "https://registry.npmjs.org/@babel/helper-function-name/-/helper-function-name-7.12.13.tgz"
    "version" "7.12.13"
    dependencies:
      "@babel/helper-get-function-arity" "^7.12.13"
      "@babel/template" "^7.12.13"
      "@babel/types" "^7.12.13"
  
  "@babel/helper-get-function-arity@^7.12.13":
    "integrity" "sha512-DjEVzQNz5LICkzN0REdpD5prGoidvbdYk1BVgRUOINaWJP2t6avB27X1guXK1kXNrX0WMfsrm1A/ZBthYuIMQg=="
    "resolved" "https://registry.npmjs.org/@babel/helper-get-function-arity/-/helper-get-function-arity-7.12.13.tgz"
    "version" "7.12.13"
    dependencies:
      "@babel/types" "^7.12.13"
  
  "@babel/helper-hoist-variables@^7.12.13":
    "integrity" "sha512-KSC5XSj5HreRhYQtZ3cnSnQwDzgnbdUDEFsxkN0m6Q3WrCRt72xrnZ8+h+pX7YxM7hr87zIO3a/v5p/H3TrnVw=="
    "resolved" "https://registry.npmjs.org/@babel/helper-hoist-variables/-/helper-hoist-variables-7.12.13.tgz"
    "version" "7.12.13"
    dependencies:
      "@babel/types" "^7.12.13"
  
  "@babel/helper-member-expression-to-functions@^7.12.13", "@babel/helper-member-expression-to-functions@^7.12.17":
    "integrity" "sha512-Bzv4p3ODgS/qpBE0DiJ9qf5WxSmrQ8gVTe8ClMfwwsY2x/rhykxxy3bXzG7AGTnPB2ij37zGJ/Q/6FruxHxsxg=="
    "resolved" "https://registry.npmjs.org/@babel/helper-member-expression-to-functions/-/helper-member-expression-to-functions-7.12.17.tgz"
    "version" "7.12.17"
    dependencies:
      "@babel/types" "^7.12.17"
  
  "@babel/helper-module-imports@^7.0.0", "@babel/helper-module-imports@^7.12.1", "@babel/helper-module-imports@^7.12.13":
    "integrity" "sha512-NGmfvRp9Rqxy0uHSSVP+SRIW1q31a7Ji10cLBcqSDUngGentY4FRiHOFZFE1CLU5eiL0oE8reH7Tg1y99TDM/g=="
    "resolved" "https://registry.npmjs.org/@babel/helper-module-imports/-/helper-module-imports-7.12.13.tgz"
    "version" "7.12.13"
    dependencies:
      "@babel/types" "^7.12.13"
  
  "@babel/helper-module-transforms@^7.12.1", "@babel/helper-module-transforms@^7.12.13", "@babel/helper-module-transforms@^7.12.17":
    "integrity" "sha512-sFL+p6zOCQMm9vilo06M4VHuTxUAwa6IxgL56Tq1DVtA0ziAGTH1ThmJq7xwPqdQlgAbKX3fb0oZNbtRIyA5KQ=="
    "resolved" "https://registry.npmjs.org/@babel/helper-module-transforms/-/helper-module-transforms-7.12.17.tgz"
    "version" "7.12.17"
    dependencies:
      "@babel/helper-module-imports" "^7.12.13"
      "@babel/helper-replace-supers" "^7.12.13"
      "@babel/helper-simple-access" "^7.12.13"
      "@babel/helper-split-export-declaration" "^7.12.13"
      "@babel/helper-validator-identifier" "^7.12.11"
      "@babel/template" "^7.12.13"
      "@babel/traverse" "^7.12.17"
      "@babel/types" "^7.12.17"
      "lodash" "^4.17.19"
  
  "@babel/helper-optimise-call-expression@^7.12.13":
    "integrity" "sha512-BdWQhoVJkp6nVjB7nkFWcn43dkprYauqtk++Py2eaf/GRDFm5BxRqEIZCiHlZUGAVmtwKcsVL1dC68WmzeFmiA=="
    "resolved" "https://registry.npmjs.org/@babel/helper-optimise-call-expression/-/helper-optimise-call-expression-7.12.13.tgz"
    "version" "7.12.13"
    dependencies:
      "@babel/types" "^7.12.13"
  
  "@babel/helper-plugin-utils@^7.0.0", "@babel/helper-plugin-utils@^7.10.4", "@babel/helper-plugin-utils@^7.12.13", "@babel/helper-plugin-utils@^7.8.0", "@babel/helper-plugin-utils@^7.8.3":
    "integrity" "sha512-C+10MXCXJLiR6IeG9+Wiejt9jmtFpxUc3MQqCmPY8hfCjyUGl9kT+B2okzEZrtykiwrc4dbCPdDoz0A/HQbDaA=="
    "resolved" "https://registry.npmjs.org/@babel/helper-plugin-utils/-/helper-plugin-utils-7.12.13.tgz"
    "version" "7.12.13"
  
  "@babel/helper-remap-async-to-generator@^7.12.13":
    "integrity" "sha512-Qa6PU9vNcj1NZacZZI1Mvwt+gXDH6CTfgAkSjeRMLE8HxtDK76+YDId6NQR+z7Rgd5arhD2cIbS74r0SxD6PDA=="
    "resolved" "https://registry.npmjs.org/@babel/helper-remap-async-to-generator/-/helper-remap-async-to-generator-7.12.13.tgz"
    "version" "7.12.13"
    dependencies:
      "@babel/helper-annotate-as-pure" "^7.12.13"
      "@babel/helper-wrap-function" "^7.12.13"
      "@babel/types" "^7.12.13"
  
  "@babel/helper-replace-supers@^7.12.13":
    "integrity" "sha512-pctAOIAMVStI2TMLhozPKbf5yTEXc0OJa0eENheb4w09SrgOWEs+P4nTOZYJQCqs8JlErGLDPDJTiGIp3ygbLg=="
    "resolved" "https://registry.npmjs.org/@babel/helper-replace-supers/-/helper-replace-supers-7.12.13.tgz"
    "version" "7.12.13"
    dependencies:
      "@babel/helper-member-expression-to-functions" "^7.12.13"
      "@babel/helper-optimise-call-expression" "^7.12.13"
      "@babel/traverse" "^7.12.13"
      "@babel/types" "^7.12.13"
  
  "@babel/helper-simple-access@^7.12.13":
    "integrity" "sha512-0ski5dyYIHEfwpWGx5GPWhH35j342JaflmCeQmsPWcrOQDtCN6C1zKAVRFVbK53lPW2c9TsuLLSUDf0tIGJ5hA=="
    "resolved" "https://registry.npmjs.org/@babel/helper-simple-access/-/helper-simple-access-7.12.13.tgz"
    "version" "7.12.13"
    dependencies:
      "@babel/types" "^7.12.13"
  
  "@babel/helper-skip-transparent-expression-wrappers@^7.12.1":
    "integrity" "sha512-Mf5AUuhG1/OCChOJ/HcADmvcHM42WJockombn8ATJG3OnyiSxBK/Mm5x78BQWvmtXZKHgbjdGL2kin/HOLlZGA=="
    "resolved" "https://registry.npmjs.org/@babel/helper-skip-transparent-expression-wrappers/-/helper-skip-transparent-expression-wrappers-7.12.1.tgz"
    "version" "7.12.1"
    dependencies:
      "@babel/types" "^7.12.1"
  
  "@babel/helper-split-export-declaration@^7.12.13":
    "integrity" "sha512-tCJDltF83htUtXx5NLcaDqRmknv652ZWCHyoTETf1CXYJdPC7nohZohjUgieXhv0hTJdRf2FjDueFehdNucpzg=="
    "resolved" "https://registry.npmjs.org/@babel/helper-split-export-declaration/-/helper-split-export-declaration-7.12.13.tgz"
    "version" "7.12.13"
    dependencies:
      "@babel/types" "^7.12.13"
  
  "@babel/helper-validator-identifier@^7.12.11":
    "integrity" "sha512-np/lG3uARFybkoHokJUmf1QfEvRVCPbmQeUQpKow5cQ3xWrV9i3rUHodKDJPQfTVX61qKi+UdYk8kik84n7XOw=="
    "resolved" "https://registry.npmjs.org/@babel/helper-validator-identifier/-/helper-validator-identifier-7.12.11.tgz"
    "version" "7.12.11"
  
  "@babel/helper-validator-option@^7.12.1", "@babel/helper-validator-option@^7.12.17":
    "integrity" "sha512-TopkMDmLzq8ngChwRlyjR6raKD6gMSae4JdYDB8bByKreQgG0RBTuKe9LRxW3wFtUnjxOPRKBDwEH6Mg5KeDfw=="
    "resolved" "https://registry.npmjs.org/@babel/helper-validator-option/-/helper-validator-option-7.12.17.tgz"
    "version" "7.12.17"
  
  "@babel/helper-wrap-function@^7.12.13":
    "integrity" "sha512-t0aZFEmBJ1LojdtJnhOaQEVejnzYhyjWHSsNSNo8vOYRbAJNh6r6GQF7pd36SqG7OKGbn+AewVQ/0IfYfIuGdw=="
    "resolved" "https://registry.npmjs.org/@babel/helper-wrap-function/-/helper-wrap-function-7.12.13.tgz"
    "version" "7.12.13"
    dependencies:
      "@babel/helper-function-name" "^7.12.13"
      "@babel/template" "^7.12.13"
      "@babel/traverse" "^7.12.13"
      "@babel/types" "^7.12.13"
  
  "@babel/helpers@^7.12.1", "@babel/helpers@^7.12.17":
    "integrity" "sha512-tEpjqSBGt/SFEsFikKds1sLNChKKGGR17flIgQKXH4fG6m9gTgl3gnOC1giHNyaBCSKuTfxaSzHi7UnvqiVKxg=="
    "resolved" "https://registry.npmjs.org/@babel/helpers/-/helpers-7.12.17.tgz"
    "version" "7.12.17"
    dependencies:
      "@babel/template" "^7.12.13"
      "@babel/traverse" "^7.12.17"
      "@babel/types" "^7.12.17"
  
  "@babel/highlight@^7.10.4", "@babel/highlight@^7.12.13":
    "integrity" "sha512-kocDQvIbgMKlWxXe9fof3TQ+gkIPOUSEYhJjqUjvKMez3krV7vbzYCDq39Oj11UAVK7JqPVGQPlgE85dPNlQww=="
    "resolved" "https://registry.npmjs.org/@babel/highlight/-/highlight-7.12.13.tgz"
    "version" "7.12.13"
    dependencies:
      "@babel/helper-validator-identifier" "^7.12.11"
      "chalk" "^2.0.0"
      "js-tokens" "^4.0.0"
  
  "@babel/parser@^7.1.0", "@babel/parser@^7.12.13", "@babel/parser@^7.12.17", "@babel/parser@^7.12.3", "@babel/parser@^7.7.0":
    "integrity" "sha512-r1yKkiUTYMQ8LiEI0UcQx5ETw5dpTLn9wijn9hk6KkTtOK95FndDN10M+8/s6k/Ymlbivw0Av9q4SlgF80PtHg=="
    "resolved" "https://registry.npmjs.org/@babel/parser/-/parser-7.12.17.tgz"
    "version" "7.12.17"
  
  "@babel/plugin-proposal-async-generator-functions@^7.12.1", "@babel/plugin-proposal-async-generator-functions@^7.12.13":
    "integrity" "sha512-1KH46Hx4WqP77f978+5Ye/VUbuwQld2hph70yaw2hXS2v7ER2f3nlpNMu909HO2rbvP0NKLlMVDPh9KXklVMhA=="
    "resolved" "https://registry.npmjs.org/@babel/plugin-proposal-async-generator-functions/-/plugin-proposal-async-generator-functions-7.12.13.tgz"
    "version" "7.12.13"
    dependencies:
      "@babel/helper-plugin-utils" "^7.12.13"
      "@babel/helper-remap-async-to-generator" "^7.12.13"
      "@babel/plugin-syntax-async-generators" "^7.8.0"
  
  "@babel/plugin-proposal-class-properties@^7.12.1":
    "integrity" "sha512-8SCJ0Ddrpwv4T7Gwb33EmW1V9PY5lggTO+A8WjyIwxrSHDUyBw4MtF96ifn1n8H806YlxbVCoKXbbmzD6RD+cA=="
    "resolved" "https://registry.npmjs.org/@babel/plugin-proposal-class-properties/-/plugin-proposal-class-properties-7.12.13.tgz"
    "version" "7.12.13"
    dependencies:
      "@babel/helper-create-class-features-plugin" "^7.12.13"
      "@babel/helper-plugin-utils" "^7.12.13"
  
  "@babel/plugin-proposal-class-properties@^7.12.13":
    "integrity" "sha512-8SCJ0Ddrpwv4T7Gwb33EmW1V9PY5lggTO+A8WjyIwxrSHDUyBw4MtF96ifn1n8H806YlxbVCoKXbbmzD6RD+cA=="
    "resolved" "https://registry.npmjs.org/@babel/plugin-proposal-class-properties/-/plugin-proposal-class-properties-7.12.13.tgz"
    "version" "7.12.13"
    dependencies:
      "@babel/helper-create-class-features-plugin" "^7.12.13"
      "@babel/helper-plugin-utils" "^7.12.13"
  
  "@babel/plugin-proposal-class-properties@7.12.1":
    "integrity" "sha512-cKp3dlQsFsEs5CWKnN7BnSHOd0EOW8EKpEjkoz1pO2E5KzIDNV9Ros1b0CnmbVgAGXJubOYVBOGCT1OmJwOI7w=="
    "resolved" "https://registry.npmjs.org/@babel/plugin-proposal-class-properties/-/plugin-proposal-class-properties-7.12.1.tgz"
    "version" "7.12.1"
    dependencies:
      "@babel/helper-create-class-features-plugin" "^7.12.1"
      "@babel/helper-plugin-utils" "^7.10.4"
  
  "@babel/plugin-proposal-decorators@7.12.1":
    "integrity" "sha512-knNIuusychgYN8fGJHONL0RbFxLGawhXOJNLBk75TniTsZZeA+wdkDuv6wp4lGwzQEKjZi6/WYtnb3udNPmQmQ=="
    "resolved" "https://registry.npmjs.org/@babel/plugin-proposal-decorators/-/plugin-proposal-decorators-7.12.1.tgz"
    "version" "7.12.1"
    dependencies:
      "@babel/helper-create-class-features-plugin" "^7.12.1"
      "@babel/helper-plugin-utils" "^7.10.4"
      "@babel/plugin-syntax-decorators" "^7.12.1"
  
  "@babel/plugin-proposal-dynamic-import@^7.12.1", "@babel/plugin-proposal-dynamic-import@^7.12.17":
    "integrity" "sha512-ZNGoFZqrnuy9H2izB2jLlnNDAfVPlGl5NhFEiFe4D84ix9GQGygF+CWMGHKuE+bpyS/AOuDQCnkiRNqW2IzS1Q=="
    "resolved" "https://registry.npmjs.org/@babel/plugin-proposal-dynamic-import/-/plugin-proposal-dynamic-import-7.12.17.tgz"
    "version" "7.12.17"
    dependencies:
      "@babel/helper-plugin-utils" "^7.12.13"
      "@babel/plugin-syntax-dynamic-import" "^7.8.0"
  
  "@babel/plugin-proposal-export-namespace-from@^7.12.1", "@babel/plugin-proposal-export-namespace-from@^7.12.13":
    "integrity" "sha512-INAgtFo4OnLN3Y/j0VwAgw3HDXcDtX+C/erMvWzuV9v71r7urb6iyMXu7eM9IgLr1ElLlOkaHjJ0SbCmdOQ3Iw=="
    "resolved" "https://registry.npmjs.org/@babel/plugin-proposal-export-namespace-from/-/plugin-proposal-export-namespace-from-7.12.13.tgz"
    "version" "7.12.13"
    dependencies:
      "@babel/helper-plugin-utils" "^7.12.13"
      "@babel/plugin-syntax-export-namespace-from" "^7.8.3"
  
  "@babel/plugin-proposal-json-strings@^7.12.1", "@babel/plugin-proposal-json-strings@^7.12.13":
    "integrity" "sha512-v9eEi4GiORDg8x+Dmi5r8ibOe0VXoKDeNPYcTTxdGN4eOWikrJfDJCJrr1l5gKGvsNyGJbrfMftC2dTL6oz7pg=="
    "resolved" "https://registry.npmjs.org/@babel/plugin-proposal-json-strings/-/plugin-proposal-json-strings-7.12.13.tgz"
    "version" "7.12.13"
    dependencies:
      "@babel/helper-plugin-utils" "^7.12.13"
      "@babel/plugin-syntax-json-strings" "^7.8.0"
  
  "@babel/plugin-proposal-logical-assignment-operators@^7.12.1", "@babel/plugin-proposal-logical-assignment-operators@^7.12.13":
    "integrity" "sha512-fqmiD3Lz7jVdK6kabeSr1PZlWSUVqSitmHEe3Z00dtGTKieWnX9beafvavc32kjORa5Bai4QNHgFDwWJP+WtSQ=="
    "resolved" "https://registry.npmjs.org/@babel/plugin-proposal-logical-assignment-operators/-/plugin-proposal-logical-assignment-operators-7.12.13.tgz"
    "version" "7.12.13"
    dependencies:
      "@babel/helper-plugin-utils" "^7.12.13"
      "@babel/plugin-syntax-logical-assignment-operators" "^7.10.4"
  
  "@babel/plugin-proposal-nullish-coalescing-operator@^7.12.1":
    "integrity" "sha512-Qoxpy+OxhDBI5kRqliJFAl4uWXk3Bn24WeFstPH0iLymFehSAUR8MHpqU7njyXv/qbo7oN6yTy5bfCmXdKpo1Q=="
    "resolved" "https://registry.npmjs.org/@babel/plugin-proposal-nullish-coalescing-operator/-/plugin-proposal-nullish-coalescing-operator-7.12.13.tgz"
    "version" "7.12.13"
    dependencies:
      "@babel/helper-plugin-utils" "^7.12.13"
      "@babel/plugin-syntax-nullish-coalescing-operator" "^7.8.0"
  
  "@babel/plugin-proposal-nullish-coalescing-operator@^7.12.13":
    "integrity" "sha512-Qoxpy+OxhDBI5kRqliJFAl4uWXk3Bn24WeFstPH0iLymFehSAUR8MHpqU7njyXv/qbo7oN6yTy5bfCmXdKpo1Q=="
    "resolved" "https://registry.npmjs.org/@babel/plugin-proposal-nullish-coalescing-operator/-/plugin-proposal-nullish-coalescing-operator-7.12.13.tgz"
    "version" "7.12.13"
    dependencies:
      "@babel/helper-plugin-utils" "^7.12.13"
      "@babel/plugin-syntax-nullish-coalescing-operator" "^7.8.0"
  
  "@babel/plugin-proposal-nullish-coalescing-operator@7.12.1":
    "integrity" "sha512-nZY0ESiaQDI1y96+jk6VxMOaL4LPo/QDHBqL+SF3/vl6dHkTwHlOI8L4ZwuRBHgakRBw5zsVylel7QPbbGuYgg=="
    "resolved" "https://registry.npmjs.org/@babel/plugin-proposal-nullish-coalescing-operator/-/plugin-proposal-nullish-coalescing-operator-7.12.1.tgz"
    "version" "7.12.1"
    dependencies:
      "@babel/helper-plugin-utils" "^7.10.4"
      "@babel/plugin-syntax-nullish-coalescing-operator" "^7.8.0"
  
  "@babel/plugin-proposal-numeric-separator@^7.12.1":
    "integrity" "sha512-O1jFia9R8BUCl3ZGB7eitaAPu62TXJRHn7rh+ojNERCFyqRwJMTmhz+tJ+k0CwI6CLjX/ee4qW74FSqlq9I35w=="
    "resolved" "https://registry.npmjs.org/@babel/plugin-proposal-numeric-separator/-/plugin-proposal-numeric-separator-7.12.13.tgz"
    "version" "7.12.13"
    dependencies:
      "@babel/helper-plugin-utils" "^7.12.13"
      "@babel/plugin-syntax-numeric-separator" "^7.10.4"
  
  "@babel/plugin-proposal-numeric-separator@^7.12.13":
    "integrity" "sha512-O1jFia9R8BUCl3ZGB7eitaAPu62TXJRHn7rh+ojNERCFyqRwJMTmhz+tJ+k0CwI6CLjX/ee4qW74FSqlq9I35w=="
    "resolved" "https://registry.npmjs.org/@babel/plugin-proposal-numeric-separator/-/plugin-proposal-numeric-separator-7.12.13.tgz"
    "version" "7.12.13"
    dependencies:
      "@babel/helper-plugin-utils" "^7.12.13"
      "@babel/plugin-syntax-numeric-separator" "^7.10.4"
  
  "@babel/plugin-proposal-numeric-separator@7.12.1":
    "integrity" "sha512-MR7Ok+Af3OhNTCxYVjJZHS0t97ydnJZt/DbR4WISO39iDnhiD8XHrY12xuSJ90FFEGjir0Fzyyn7g/zY6hxbxA=="
    "resolved" "https://registry.npmjs.org/@babel/plugin-proposal-numeric-separator/-/plugin-proposal-numeric-separator-7.12.1.tgz"
    "version" "7.12.1"
    dependencies:
      "@babel/helper-plugin-utils" "^7.10.4"
      "@babel/plugin-syntax-numeric-separator" "^7.10.4"
  
  "@babel/plugin-proposal-object-rest-spread@^7.12.1", "@babel/plugin-proposal-object-rest-spread@^7.12.13":
    "integrity" "sha512-WvA1okB/0OS/N3Ldb3sziSrXg6sRphsBgqiccfcQq7woEn5wQLNX82Oc4PlaFcdwcWHuQXAtb8ftbS8Fbsg/sg=="
    "resolved" "https://registry.npmjs.org/@babel/plugin-proposal-object-rest-spread/-/plugin-proposal-object-rest-spread-7.12.13.tgz"
    "version" "7.12.13"
    dependencies:
      "@babel/helper-plugin-utils" "^7.12.13"
      "@babel/plugin-syntax-object-rest-spread" "^7.8.0"
      "@babel/plugin-transform-parameters" "^7.12.13"
  
  "@babel/plugin-proposal-optional-catch-binding@^7.12.1", "@babel/plugin-proposal-optional-catch-binding@^7.12.13":
    "integrity" "sha512-9+MIm6msl9sHWg58NvqpNpLtuFbmpFYk37x8kgnGzAHvX35E1FyAwSUt5hIkSoWJFSAH+iwU8bJ4fcD1zKXOzg=="
    "resolved" "https://registry.npmjs.org/@babel/plugin-proposal-optional-catch-binding/-/plugin-proposal-optional-catch-binding-7.12.13.tgz"
    "version" "7.12.13"
    dependencies:
      "@babel/helper-plugin-utils" "^7.12.13"
      "@babel/plugin-syntax-optional-catch-binding" "^7.8.0"
  
  "@babel/plugin-proposal-optional-chaining@^7.12.1":
    "integrity" "sha512-TvxwI80pWftrGPKHNfkvX/HnoeSTR7gC4ezWnAL39PuktYUe6r8kEpOLTYnkBTsaoeazXm2jHJ22EQ81sdgfcA=="
    "resolved" "https://registry.npmjs.org/@babel/plugin-proposal-optional-chaining/-/plugin-proposal-optional-chaining-7.12.17.tgz"
    "version" "7.12.17"
    dependencies:
      "@babel/helper-plugin-utils" "^7.12.13"
      "@babel/helper-skip-transparent-expression-wrappers" "^7.12.1"
      "@babel/plugin-syntax-optional-chaining" "^7.8.0"
  
  "@babel/plugin-proposal-optional-chaining@^7.12.17":
    "integrity" "sha512-TvxwI80pWftrGPKHNfkvX/HnoeSTR7gC4ezWnAL39PuktYUe6r8kEpOLTYnkBTsaoeazXm2jHJ22EQ81sdgfcA=="
    "resolved" "https://registry.npmjs.org/@babel/plugin-proposal-optional-chaining/-/plugin-proposal-optional-chaining-7.12.17.tgz"
    "version" "7.12.17"
    dependencies:
      "@babel/helper-plugin-utils" "^7.12.13"
      "@babel/helper-skip-transparent-expression-wrappers" "^7.12.1"
      "@babel/plugin-syntax-optional-chaining" "^7.8.0"
  
  "@babel/plugin-proposal-optional-chaining@7.12.1":
    "integrity" "sha512-c2uRpY6WzaVDzynVY9liyykS+kVU+WRZPMPYpkelXH8KBt1oXoI89kPbZKKG/jDT5UK92FTW2fZkZaJhdiBabw=="
    "resolved" "https://registry.npmjs.org/@babel/plugin-proposal-optional-chaining/-/plugin-proposal-optional-chaining-7.12.1.tgz"
    "version" "7.12.1"
    dependencies:
      "@babel/helper-plugin-utils" "^7.10.4"
      "@babel/helper-skip-transparent-expression-wrappers" "^7.12.1"
      "@babel/plugin-syntax-optional-chaining" "^7.8.0"
  
  "@babel/plugin-proposal-private-methods@^7.12.1", "@babel/plugin-proposal-private-methods@^7.12.13":
    "integrity" "sha512-sV0V57uUwpauixvR7s2o75LmwJI6JECwm5oPUY5beZB1nBl2i37hc7CJGqB5G+58fur5Y6ugvl3LRONk5x34rg=="
    "resolved" "https://registry.npmjs.org/@babel/plugin-proposal-private-methods/-/plugin-proposal-private-methods-7.12.13.tgz"
    "version" "7.12.13"
    dependencies:
      "@babel/helper-create-class-features-plugin" "^7.12.13"
      "@babel/helper-plugin-utils" "^7.12.13"
  
  "@babel/plugin-proposal-unicode-property-regex@^7.12.1", "@babel/plugin-proposal-unicode-property-regex@^7.12.13", "@babel/plugin-proposal-unicode-property-regex@^7.4.4":
    "integrity" "sha512-XyJmZidNfofEkqFV5VC/bLabGmO5QzenPO/YOfGuEbgU+2sSwMmio3YLb4WtBgcmmdwZHyVyv8on77IUjQ5Gvg=="
    "resolved" "https://registry.npmjs.org/@babel/plugin-proposal-unicode-property-regex/-/plugin-proposal-unicode-property-regex-7.12.13.tgz"
    "version" "7.12.13"
    dependencies:
      "@babel/helper-create-regexp-features-plugin" "^7.12.13"
      "@babel/helper-plugin-utils" "^7.12.13"
  
  "@babel/plugin-syntax-async-generators@^7.8.0", "@babel/plugin-syntax-async-generators@^7.8.4":
    "integrity" "sha512-tycmZxkGfZaxhMRbXlPXuVFpdWlXpir2W4AMhSJgRKzk/eDlIXOhb2LHWoLpDF7TEHylV5zNhykX6KAgHJmTNw=="
    "resolved" "https://registry.npmjs.org/@babel/plugin-syntax-async-generators/-/plugin-syntax-async-generators-7.8.4.tgz"
    "version" "7.8.4"
    dependencies:
      "@babel/helper-plugin-utils" "^7.8.0"
  
  "@babel/plugin-syntax-bigint@^7.8.3":
    "integrity" "sha512-wnTnFlG+YxQm3vDxpGE57Pj0srRU4sHE/mDkt1qv2YJJSeUAec2ma4WLUnUPeKjyrfntVwe/N6dCXpU+zL3Npg=="
    "resolved" "https://registry.npmjs.org/@babel/plugin-syntax-bigint/-/plugin-syntax-bigint-7.8.3.tgz"
    "version" "7.8.3"
    dependencies:
      "@babel/helper-plugin-utils" "^7.8.0"
  
  "@babel/plugin-syntax-class-properties@^7.12.1", "@babel/plugin-syntax-class-properties@^7.12.13", "@babel/plugin-syntax-class-properties@^7.8.3":
    "integrity" "sha512-fm4idjKla0YahUNgFNLCB0qySdsoPiZP3iQE3rky0mBUtMZ23yDJ9SJdg6dXTSDnulOVqiF3Hgr9nbXvXTQZYA=="
    "resolved" "https://registry.npmjs.org/@babel/plugin-syntax-class-properties/-/plugin-syntax-class-properties-7.12.13.tgz"
    "version" "7.12.13"
    dependencies:
      "@babel/helper-plugin-utils" "^7.12.13"
  
  "@babel/plugin-syntax-decorators@^7.12.1":
    "integrity" "sha512-Rw6aIXGuqDLr6/LoBBYE57nKOzQpz/aDkKlMqEwH+Vp0MXbG6H/TfRjaY343LKxzAKAMXIHsQ8JzaZKuDZ9MwA=="
    "resolved" "https://registry.npmjs.org/@babel/plugin-syntax-decorators/-/plugin-syntax-decorators-7.12.13.tgz"
    "version" "7.12.13"
    dependencies:
      "@babel/helper-plugin-utils" "^7.12.13"
  
  "@babel/plugin-syntax-dynamic-import@^7.8.0":
    "integrity" "sha512-5gdGbFon+PszYzqs83S3E5mpi7/y/8M9eC90MRTZfduQOYW76ig6SOSPNe41IG5LoP3FGBn2N0RjVDSQiS94kQ=="
    "resolved" "https://registry.npmjs.org/@babel/plugin-syntax-dynamic-import/-/plugin-syntax-dynamic-import-7.8.3.tgz"
    "version" "7.8.3"
    dependencies:
      "@babel/helper-plugin-utils" "^7.8.0"
  
  "@babel/plugin-syntax-export-namespace-from@^7.8.3":
    "integrity" "sha512-MXf5laXo6c1IbEbegDmzGPwGNTsHZmEy6QGznu5Sh2UCWvueywb2ee+CCE4zQiZstxU9BMoQO9i6zUFSY0Kj0Q=="
    "resolved" "https://registry.npmjs.org/@babel/plugin-syntax-export-namespace-from/-/plugin-syntax-export-namespace-from-7.8.3.tgz"
    "version" "7.8.3"
    dependencies:
      "@babel/helper-plugin-utils" "^7.8.3"
  
  "@babel/plugin-syntax-flow@^7.12.1":
    "integrity" "sha512-J/RYxnlSLXZLVR7wTRsozxKT8qbsx1mNKJzXEEjQ0Kjx1ZACcyHgbanNWNCFtc36IzuWhYWPpvJFFoexoOWFmA=="
    "resolved" "https://registry.npmjs.org/@babel/plugin-syntax-flow/-/plugin-syntax-flow-7.12.13.tgz"
    "version" "7.12.13"
    dependencies:
      "@babel/helper-plugin-utils" "^7.12.13"
  
  "@babel/plugin-syntax-import-meta@^7.8.3":
    "integrity" "sha512-Yqfm+XDx0+Prh3VSeEQCPU81yC+JWZ2pDPFSS4ZdpfZhp4MkFMaDC1UqseovEKwSUpnIL7+vK+Clp7bfh0iD7g=="
    "resolved" "https://registry.npmjs.org/@babel/plugin-syntax-import-meta/-/plugin-syntax-import-meta-7.10.4.tgz"
    "version" "7.10.4"
    dependencies:
      "@babel/helper-plugin-utils" "^7.10.4"
  
  "@babel/plugin-syntax-json-strings@^7.8.0", "@babel/plugin-syntax-json-strings@^7.8.3":
    "integrity" "sha512-lY6kdGpWHvjoe2vk4WrAapEuBR69EMxZl+RoGRhrFGNYVK8mOPAW8VfbT/ZgrFbXlDNiiaxQnAtgVCZ6jv30EA=="
    "resolved" "https://registry.npmjs.org/@babel/plugin-syntax-json-strings/-/plugin-syntax-json-strings-7.8.3.tgz"
    "version" "7.8.3"
    dependencies:
      "@babel/helper-plugin-utils" "^7.8.0"
  
  "@babel/plugin-syntax-jsx@^7.12.13":
    "integrity" "sha512-d4HM23Q1K7oq/SLNmG6mRt85l2csmQ0cHRaxRXjKW0YFdEXqlZ5kzFQKH5Uc3rDJECgu+yCRgPkG04Mm98R/1g=="
    "resolved" "https://registry.npmjs.org/@babel/plugin-syntax-jsx/-/plugin-syntax-jsx-7.12.13.tgz"
    "version" "7.12.13"
    dependencies:
      "@babel/helper-plugin-utils" "^7.12.13"
  
  "@babel/plugin-syntax-logical-assignment-operators@^7.10.4", "@babel/plugin-syntax-logical-assignment-operators@^7.8.3":
    "integrity" "sha512-d8waShlpFDinQ5MtvGU9xDAOzKH47+FFoney2baFIoMr952hKOLp1HR7VszoZvOsV/4+RRszNY7D17ba0te0ig=="
    "resolved" "https://registry.npmjs.org/@babel/plugin-syntax-logical-assignment-operators/-/plugin-syntax-logical-assignment-operators-7.10.4.tgz"
    "version" "7.10.4"
    dependencies:
      "@babel/helper-plugin-utils" "^7.10.4"
  
  "@babel/plugin-syntax-nullish-coalescing-operator@^7.8.0", "@babel/plugin-syntax-nullish-coalescing-operator@^7.8.3":
    "integrity" "sha512-aSff4zPII1u2QD7y+F8oDsz19ew4IGEJg9SVW+bqwpwtfFleiQDMdzA/R+UlWDzfnHFCxxleFT0PMIrR36XLNQ=="
    "resolved" "https://registry.npmjs.org/@babel/plugin-syntax-nullish-coalescing-operator/-/plugin-syntax-nullish-coalescing-operator-7.8.3.tgz"
    "version" "7.8.3"
    dependencies:
      "@babel/helper-plugin-utils" "^7.8.0"
  
  "@babel/plugin-syntax-numeric-separator@^7.10.4", "@babel/plugin-syntax-numeric-separator@^7.8.3":
    "integrity" "sha512-9H6YdfkcK/uOnY/K7/aA2xpzaAgkQn37yzWUMRK7OaPOqOpGS1+n0H5hxT9AUw9EsSjPW8SVyMJwYRtWs3X3ug=="
    "resolved" "https://registry.npmjs.org/@babel/plugin-syntax-numeric-separator/-/plugin-syntax-numeric-separator-7.10.4.tgz"
    "version" "7.10.4"
    dependencies:
      "@babel/helper-plugin-utils" "^7.10.4"
  
  "@babel/plugin-syntax-object-rest-spread@^7.8.0", "@babel/plugin-syntax-object-rest-spread@^7.8.3":
    "integrity" "sha512-XoqMijGZb9y3y2XskN+P1wUGiVwWZ5JmoDRwx5+3GmEplNyVM2s2Dg8ILFQm8rWM48orGy5YpI5Bl8U1y7ydlA=="
    "resolved" "https://registry.npmjs.org/@babel/plugin-syntax-object-rest-spread/-/plugin-syntax-object-rest-spread-7.8.3.tgz"
    "version" "7.8.3"
    dependencies:
      "@babel/helper-plugin-utils" "^7.8.0"
  
  "@babel/plugin-syntax-optional-catch-binding@^7.8.0", "@babel/plugin-syntax-optional-catch-binding@^7.8.3":
    "integrity" "sha512-6VPD0Pc1lpTqw0aKoeRTMiB+kWhAoT24PA+ksWSBrFtl5SIRVpZlwN3NNPQjehA2E/91FV3RjLWoVTglWcSV3Q=="
    "resolved" "https://registry.npmjs.org/@babel/plugin-syntax-optional-catch-binding/-/plugin-syntax-optional-catch-binding-7.8.3.tgz"
    "version" "7.8.3"
    dependencies:
      "@babel/helper-plugin-utils" "^7.8.0"
  
  "@babel/plugin-syntax-optional-chaining@^7.8.0", "@babel/plugin-syntax-optional-chaining@^7.8.3":
    "integrity" "sha512-KoK9ErH1MBlCPxV0VANkXW2/dw4vlbGDrFgz8bmUsBGYkFRcbRwMh6cIJubdPrkxRwuGdtCk0v/wPTKbQgBjkg=="
    "resolved" "https://registry.npmjs.org/@babel/plugin-syntax-optional-chaining/-/plugin-syntax-optional-chaining-7.8.3.tgz"
    "version" "7.8.3"
    dependencies:
      "@babel/helper-plugin-utils" "^7.8.0"
  
  "@babel/plugin-syntax-top-level-await@^7.12.1", "@babel/plugin-syntax-top-level-await@^7.12.13", "@babel/plugin-syntax-top-level-await@^7.8.3":
    "integrity" "sha512-A81F9pDwyS7yM//KwbCSDqy3Uj4NMIurtplxphWxoYtNPov7cJsDkAFNNyVlIZ3jwGycVsurZ+LtOA8gZ376iQ=="
    "resolved" "https://registry.npmjs.org/@babel/plugin-syntax-top-level-await/-/plugin-syntax-top-level-await-7.12.13.tgz"
    "version" "7.12.13"
    dependencies:
      "@babel/helper-plugin-utils" "^7.12.13"
  
  "@babel/plugin-syntax-typescript@^7.12.13":
    "integrity" "sha512-cHP3u1JiUiG2LFDKbXnwVad81GvfyIOmCD6HIEId6ojrY0Drfy2q1jw7BwN7dE84+kTnBjLkXoL3IEy/3JPu2w=="
    "resolved" "https://registry.npmjs.org/@babel/plugin-syntax-typescript/-/plugin-syntax-typescript-7.12.13.tgz"
    "version" "7.12.13"
    dependencies:
      "@babel/helper-plugin-utils" "^7.12.13"
  
  "@babel/plugin-transform-arrow-functions@^7.12.1", "@babel/plugin-transform-arrow-functions@^7.12.13":
    "integrity" "sha512-tBtuN6qtCTd+iHzVZVOMNp+L04iIJBpqkdY42tWbmjIT5wvR2kx7gxMBsyhQtFzHwBbyGi9h8J8r9HgnOpQHxg=="
    "resolved" "https://registry.npmjs.org/@babel/plugin-transform-arrow-functions/-/plugin-transform-arrow-functions-7.12.13.tgz"
    "version" "7.12.13"
    dependencies:
      "@babel/helper-plugin-utils" "^7.12.13"
  
  "@babel/plugin-transform-async-to-generator@^7.12.1", "@babel/plugin-transform-async-to-generator@^7.12.13":
    "integrity" "sha512-psM9QHcHaDr+HZpRuJcE1PXESuGWSCcbiGFFhhwfzdbTxaGDVzuVtdNYliAwcRo3GFg0Bc8MmI+AvIGYIJG04A=="
    "resolved" "https://registry.npmjs.org/@babel/plugin-transform-async-to-generator/-/plugin-transform-async-to-generator-7.12.13.tgz"
    "version" "7.12.13"
    dependencies:
      "@babel/helper-module-imports" "^7.12.13"
      "@babel/helper-plugin-utils" "^7.12.13"
      "@babel/helper-remap-async-to-generator" "^7.12.13"
  
  "@babel/plugin-transform-block-scoped-functions@^7.12.1", "@babel/plugin-transform-block-scoped-functions@^7.12.13":
    "integrity" "sha512-zNyFqbc3kI/fVpqwfqkg6RvBgFpC4J18aKKMmv7KdQ/1GgREapSJAykLMVNwfRGO3BtHj3YQZl8kxCXPcVMVeg=="
    "resolved" "https://registry.npmjs.org/@babel/plugin-transform-block-scoped-functions/-/plugin-transform-block-scoped-functions-7.12.13.tgz"
    "version" "7.12.13"
    dependencies:
      "@babel/helper-plugin-utils" "^7.12.13"
  
  "@babel/plugin-transform-block-scoping@^7.12.1", "@babel/plugin-transform-block-scoping@^7.12.13":
    "integrity" "sha512-Pxwe0iqWJX4fOOM2kEZeUuAxHMWb9nK+9oh5d11bsLoB0xMg+mkDpt0eYuDZB7ETrY9bbcVlKUGTOGWy7BHsMQ=="
    "resolved" "https://registry.npmjs.org/@babel/plugin-transform-block-scoping/-/plugin-transform-block-scoping-7.12.13.tgz"
    "version" "7.12.13"
    dependencies:
      "@babel/helper-plugin-utils" "^7.12.13"
  
  "@babel/plugin-transform-classes@^7.12.1", "@babel/plugin-transform-classes@^7.12.13":
    "integrity" "sha512-cqZlMlhCC1rVnxE5ZGMtIb896ijL90xppMiuWXcwcOAuFczynpd3KYemb91XFFPi3wJSe/OcrX9lXoowatkkxA=="
    "resolved" "https://registry.npmjs.org/@babel/plugin-transform-classes/-/plugin-transform-classes-7.12.13.tgz"
    "version" "7.12.13"
    dependencies:
      "@babel/helper-annotate-as-pure" "^7.12.13"
      "@babel/helper-function-name" "^7.12.13"
      "@babel/helper-optimise-call-expression" "^7.12.13"
      "@babel/helper-plugin-utils" "^7.12.13"
      "@babel/helper-replace-supers" "^7.12.13"
      "@babel/helper-split-export-declaration" "^7.12.13"
      "globals" "^11.1.0"
  
  "@babel/plugin-transform-computed-properties@^7.12.1", "@babel/plugin-transform-computed-properties@^7.12.13":
    "integrity" "sha512-dDfuROUPGK1mTtLKyDPUavmj2b6kFu82SmgpztBFEO974KMjJT+Ytj3/oWsTUMBmgPcp9J5Pc1SlcAYRpJ2hRA=="
    "resolved" "https://registry.npmjs.org/@babel/plugin-transform-computed-properties/-/plugin-transform-computed-properties-7.12.13.tgz"
    "version" "7.12.13"
    dependencies:
      "@babel/helper-plugin-utils" "^7.12.13"
  
  "@babel/plugin-transform-destructuring@^7.12.1", "@babel/plugin-transform-destructuring@^7.12.13":
    "integrity" "sha512-Dn83KykIFzjhA3FDPA1z4N+yfF3btDGhjnJwxIj0T43tP0flCujnU8fKgEkf0C1biIpSv9NZegPBQ1J6jYkwvQ=="
    "resolved" "https://registry.npmjs.org/@babel/plugin-transform-destructuring/-/plugin-transform-destructuring-7.12.13.tgz"
    "version" "7.12.13"
    dependencies:
      "@babel/helper-plugin-utils" "^7.12.13"
  
  "@babel/plugin-transform-dotall-regex@^7.12.1", "@babel/plugin-transform-dotall-regex@^7.12.13", "@babel/plugin-transform-dotall-regex@^7.4.4":
    "integrity" "sha512-foDrozE65ZFdUC2OfgeOCrEPTxdB3yjqxpXh8CH+ipd9CHd4s/iq81kcUpyH8ACGNEPdFqbtzfgzbT/ZGlbDeQ=="
    "resolved" "https://registry.npmjs.org/@babel/plugin-transform-dotall-regex/-/plugin-transform-dotall-regex-7.12.13.tgz"
    "version" "7.12.13"
    dependencies:
      "@babel/helper-create-regexp-features-plugin" "^7.12.13"
      "@babel/helper-plugin-utils" "^7.12.13"
  
  "@babel/plugin-transform-duplicate-keys@^7.12.1", "@babel/plugin-transform-duplicate-keys@^7.12.13":
    "integrity" "sha512-NfADJiiHdhLBW3pulJlJI2NB0t4cci4WTZ8FtdIuNc2+8pslXdPtRRAEWqUY+m9kNOk2eRYbTAOipAxlrOcwwQ=="
    "resolved" "https://registry.npmjs.org/@babel/plugin-transform-duplicate-keys/-/plugin-transform-duplicate-keys-7.12.13.tgz"
    "version" "7.12.13"
    dependencies:
      "@babel/helper-plugin-utils" "^7.12.13"
  
  "@babel/plugin-transform-exponentiation-operator@^7.12.1", "@babel/plugin-transform-exponentiation-operator@^7.12.13":
    "integrity" "sha512-fbUelkM1apvqez/yYx1/oICVnGo2KM5s63mhGylrmXUxK/IAXSIf87QIxVfZldWf4QsOafY6vV3bX8aMHSvNrA=="
    "resolved" "https://registry.npmjs.org/@babel/plugin-transform-exponentiation-operator/-/plugin-transform-exponentiation-operator-7.12.13.tgz"
    "version" "7.12.13"
    dependencies:
      "@babel/helper-builder-binary-assignment-operator-visitor" "^7.12.13"
      "@babel/helper-plugin-utils" "^7.12.13"
  
  "@babel/plugin-transform-flow-strip-types@7.12.1":
    "integrity" "sha512-8hAtkmsQb36yMmEtk2JZ9JnVyDSnDOdlB+0nEGzIDLuK4yR3JcEjfuFPYkdEPSh8Id+rAMeBEn+X0iVEyho6Hg=="
    "resolved" "https://registry.npmjs.org/@babel/plugin-transform-flow-strip-types/-/plugin-transform-flow-strip-types-7.12.1.tgz"
    "version" "7.12.1"
    dependencies:
      "@babel/helper-plugin-utils" "^7.10.4"
      "@babel/plugin-syntax-flow" "^7.12.1"
  
  "@babel/plugin-transform-for-of@^7.12.1", "@babel/plugin-transform-for-of@^7.12.13":
    "integrity" "sha512-xCbdgSzXYmHGyVX3+BsQjcd4hv4vA/FDy7Kc8eOpzKmBBPEOTurt0w5fCRQaGl+GSBORKgJdstQ1rHl4jbNseQ=="
    "resolved" "https://registry.npmjs.org/@babel/plugin-transform-for-of/-/plugin-transform-for-of-7.12.13.tgz"
    "version" "7.12.13"
    dependencies:
      "@babel/helper-plugin-utils" "^7.12.13"
  
  "@babel/plugin-transform-function-name@^7.12.1", "@babel/plugin-transform-function-name@^7.12.13":
    "integrity" "sha512-6K7gZycG0cmIwwF7uMK/ZqeCikCGVBdyP2J5SKNCXO5EOHcqi+z7Jwf8AmyDNcBgxET8DrEtCt/mPKPyAzXyqQ=="
    "resolved" "https://registry.npmjs.org/@babel/plugin-transform-function-name/-/plugin-transform-function-name-7.12.13.tgz"
    "version" "7.12.13"
    dependencies:
      "@babel/helper-function-name" "^7.12.13"
      "@babel/helper-plugin-utils" "^7.12.13"
  
  "@babel/plugin-transform-literals@^7.12.1", "@babel/plugin-transform-literals@^7.12.13":
    "integrity" "sha512-FW+WPjSR7hiUxMcKqyNjP05tQ2kmBCdpEpZHY1ARm96tGQCCBvXKnpjILtDplUnJ/eHZ0lALLM+d2lMFSpYJrQ=="
    "resolved" "https://registry.npmjs.org/@babel/plugin-transform-literals/-/plugin-transform-literals-7.12.13.tgz"
    "version" "7.12.13"
    dependencies:
      "@babel/helper-plugin-utils" "^7.12.13"
  
  "@babel/plugin-transform-member-expression-literals@^7.12.1", "@babel/plugin-transform-member-expression-literals@^7.12.13":
    "integrity" "sha512-kxLkOsg8yir4YeEPHLuO2tXP9R/gTjpuTOjshqSpELUN3ZAg2jfDnKUvzzJxObun38sw3wm4Uu69sX/zA7iRvg=="
    "resolved" "https://registry.npmjs.org/@babel/plugin-transform-member-expression-literals/-/plugin-transform-member-expression-literals-7.12.13.tgz"
    "version" "7.12.13"
    dependencies:
      "@babel/helper-plugin-utils" "^7.12.13"
  
  "@babel/plugin-transform-modules-amd@^7.12.1", "@babel/plugin-transform-modules-amd@^7.12.13":
    "integrity" "sha512-JHLOU0o81m5UqG0Ulz/fPC68/v+UTuGTWaZBUwpEk1fYQ1D9LfKV6MPn4ttJKqRo5Lm460fkzjLTL4EHvCprvA=="
    "resolved" "https://registry.npmjs.org/@babel/plugin-transform-modules-amd/-/plugin-transform-modules-amd-7.12.13.tgz"
    "version" "7.12.13"
    dependencies:
      "@babel/helper-module-transforms" "^7.12.13"
      "@babel/helper-plugin-utils" "^7.12.13"
      "babel-plugin-dynamic-import-node" "^2.3.3"
  
  "@babel/plugin-transform-modules-commonjs@^7.12.1", "@babel/plugin-transform-modules-commonjs@^7.12.13":
    "integrity" "sha512-OGQoeVXVi1259HjuoDnsQMlMkT9UkZT9TpXAsqWplS/M0N1g3TJAn/ByOCeQu7mfjc5WpSsRU+jV1Hd89ts0kQ=="
    "resolved" "https://registry.npmjs.org/@babel/plugin-transform-modules-commonjs/-/plugin-transform-modules-commonjs-7.12.13.tgz"
    "version" "7.12.13"
    dependencies:
      "@babel/helper-module-transforms" "^7.12.13"
      "@babel/helper-plugin-utils" "^7.12.13"
      "@babel/helper-simple-access" "^7.12.13"
      "babel-plugin-dynamic-import-node" "^2.3.3"
  
  "@babel/plugin-transform-modules-systemjs@^7.12.1", "@babel/plugin-transform-modules-systemjs@^7.12.13":
    "integrity" "sha512-aHfVjhZ8QekaNF/5aNdStCGzwTbU7SI5hUybBKlMzqIMC7w7Ho8hx5a4R/DkTHfRfLwHGGxSpFt9BfxKCoXKoA=="
    "resolved" "https://registry.npmjs.org/@babel/plugin-transform-modules-systemjs/-/plugin-transform-modules-systemjs-7.12.13.tgz"
    "version" "7.12.13"
    dependencies:
      "@babel/helper-hoist-variables" "^7.12.13"
      "@babel/helper-module-transforms" "^7.12.13"
      "@babel/helper-plugin-utils" "^7.12.13"
      "@babel/helper-validator-identifier" "^7.12.11"
      "babel-plugin-dynamic-import-node" "^2.3.3"
  
  "@babel/plugin-transform-modules-umd@^7.12.1", "@babel/plugin-transform-modules-umd@^7.12.13":
    "integrity" "sha512-BgZndyABRML4z6ibpi7Z98m4EVLFI9tVsZDADC14AElFaNHHBcJIovflJ6wtCqFxwy2YJ1tJhGRsr0yLPKoN+w=="
    "resolved" "https://registry.npmjs.org/@babel/plugin-transform-modules-umd/-/plugin-transform-modules-umd-7.12.13.tgz"
    "version" "7.12.13"
    dependencies:
      "@babel/helper-module-transforms" "^7.12.13"
      "@babel/helper-plugin-utils" "^7.12.13"
  
  "@babel/plugin-transform-named-capturing-groups-regex@^7.12.1", "@babel/plugin-transform-named-capturing-groups-regex@^7.12.13":
    "integrity" "sha512-Xsm8P2hr5hAxyYblrfACXpQKdQbx4m2df9/ZZSQ8MAhsadw06+jW7s9zsSw6he+mJZXRlVMyEnVktJo4zjk1WA=="
    "resolved" "https://registry.npmjs.org/@babel/plugin-transform-named-capturing-groups-regex/-/plugin-transform-named-capturing-groups-regex-7.12.13.tgz"
    "version" "7.12.13"
    dependencies:
      "@babel/helper-create-regexp-features-plugin" "^7.12.13"
  
  "@babel/plugin-transform-new-target@^7.12.1", "@babel/plugin-transform-new-target@^7.12.13":
    "integrity" "sha512-/KY2hbLxrG5GTQ9zzZSc3xWiOy379pIETEhbtzwZcw9rvuaVV4Fqy7BYGYOWZnaoXIQYbbJ0ziXLa/sKcGCYEQ=="
    "resolved" "https://registry.npmjs.org/@babel/plugin-transform-new-target/-/plugin-transform-new-target-7.12.13.tgz"
    "version" "7.12.13"
    dependencies:
      "@babel/helper-plugin-utils" "^7.12.13"
  
  "@babel/plugin-transform-object-super@^7.12.1", "@babel/plugin-transform-object-super@^7.12.13":
    "integrity" "sha512-JzYIcj3XtYspZDV8j9ulnoMPZZnF/Cj0LUxPOjR89BdBVx+zYJI9MdMIlUZjbXDX+6YVeS6I3e8op+qQ3BYBoQ=="
    "resolved" "https://registry.npmjs.org/@babel/plugin-transform-object-super/-/plugin-transform-object-super-7.12.13.tgz"
    "version" "7.12.13"
    dependencies:
      "@babel/helper-plugin-utils" "^7.12.13"
      "@babel/helper-replace-supers" "^7.12.13"
  
  "@babel/plugin-transform-parameters@^7.12.1", "@babel/plugin-transform-parameters@^7.12.13":
    "integrity" "sha512-e7QqwZalNiBRHCpJg/P8s/VJeSRYgmtWySs1JwvfwPqhBbiWfOcHDKdeAi6oAyIimoKWBlwc8oTgbZHdhCoVZA=="
    "resolved" "https://registry.npmjs.org/@babel/plugin-transform-parameters/-/plugin-transform-parameters-7.12.13.tgz"
    "version" "7.12.13"
    dependencies:
      "@babel/helper-plugin-utils" "^7.12.13"
  
  "@babel/plugin-transform-property-literals@^7.12.1", "@babel/plugin-transform-property-literals@^7.12.13":
    "integrity" "sha512-nqVigwVan+lR+g8Fj8Exl0UQX2kymtjcWfMOYM1vTYEKujeyv2SkMgazf2qNcK7l4SDiKyTA/nHCPqL4e2zo1A=="
    "resolved" "https://registry.npmjs.org/@babel/plugin-transform-property-literals/-/plugin-transform-property-literals-7.12.13.tgz"
    "version" "7.12.13"
    dependencies:
      "@babel/helper-plugin-utils" "^7.12.13"
  
  "@babel/plugin-transform-react-constant-elements@^7.12.1":
    "integrity" "sha512-qmzKVTn46Upvtxv8LQoQ8mTCdUC83AOVQIQm57e9oekLT5cmK9GOMOfcWhe8jMNx4UJXn/UDhVZ/7lGofVNeDQ=="
    "resolved" "https://registry.npmjs.org/@babel/plugin-transform-react-constant-elements/-/plugin-transform-react-constant-elements-7.12.13.tgz"
    "version" "7.12.13"
    dependencies:
      "@babel/helper-plugin-utils" "^7.12.13"
  
  "@babel/plugin-transform-react-display-name@^7.12.1":
    "integrity" "sha512-MprESJzI9O5VnJZrL7gg1MpdqmiFcUv41Jc7SahxYsNP2kDkFqClxxTZq+1Qv4AFCamm+GXMRDQINNn+qrxmiA=="
    "resolved" "https://registry.npmjs.org/@babel/plugin-transform-react-display-name/-/plugin-transform-react-display-name-7.12.13.tgz"
    "version" "7.12.13"
    dependencies:
      "@babel/helper-plugin-utils" "^7.12.13"
  
  "@babel/plugin-transform-react-display-name@^7.12.13":
    "integrity" "sha512-MprESJzI9O5VnJZrL7gg1MpdqmiFcUv41Jc7SahxYsNP2kDkFqClxxTZq+1Qv4AFCamm+GXMRDQINNn+qrxmiA=="
    "resolved" "https://registry.npmjs.org/@babel/plugin-transform-react-display-name/-/plugin-transform-react-display-name-7.12.13.tgz"
    "version" "7.12.13"
    dependencies:
      "@babel/helper-plugin-utils" "^7.12.13"
  
  "@babel/plugin-transform-react-display-name@7.12.1":
    "integrity" "sha512-cAzB+UzBIrekfYxyLlFqf/OagTvHLcVBb5vpouzkYkBclRPraiygVnafvAoipErZLI8ANv8Ecn6E/m5qPXD26w=="
    "resolved" "https://registry.npmjs.org/@babel/plugin-transform-react-display-name/-/plugin-transform-react-display-name-7.12.1.tgz"
    "version" "7.12.1"
    dependencies:
      "@babel/helper-plugin-utils" "^7.10.4"
  
  "@babel/plugin-transform-react-jsx-development@^7.12.1":
    "integrity" "sha512-BPjYV86SVuOaudFhsJR1zjgxxOhJDt6JHNoD48DxWEIxUCAMjV1ys6DYw4SDYZh0b1QsS2vfIA9t/ZsQGsDOUQ=="
    "resolved" "https://registry.npmjs.org/@babel/plugin-transform-react-jsx-development/-/plugin-transform-react-jsx-development-7.12.17.tgz"
    "version" "7.12.17"
    dependencies:
      "@babel/plugin-transform-react-jsx" "^7.12.17"
  
  "@babel/plugin-transform-react-jsx-development@^7.12.12":
    "integrity" "sha512-BPjYV86SVuOaudFhsJR1zjgxxOhJDt6JHNoD48DxWEIxUCAMjV1ys6DYw4SDYZh0b1QsS2vfIA9t/ZsQGsDOUQ=="
    "resolved" "https://registry.npmjs.org/@babel/plugin-transform-react-jsx-development/-/plugin-transform-react-jsx-development-7.12.17.tgz"
    "version" "7.12.17"
    dependencies:
      "@babel/plugin-transform-react-jsx" "^7.12.17"
  
  "@babel/plugin-transform-react-jsx-self@^7.12.1":
    "integrity" "sha512-FXYw98TTJ125GVCCkFLZXlZ1qGcsYqNQhVBQcZjyrwf8FEUtVfKIoidnO8S0q+KBQpDYNTmiGo1gn67Vti04lQ=="
    "resolved" "https://registry.npmjs.org/@babel/plugin-transform-react-jsx-self/-/plugin-transform-react-jsx-self-7.12.13.tgz"
    "version" "7.12.13"
    dependencies:
      "@babel/helper-plugin-utils" "^7.12.13"
  
  "@babel/plugin-transform-react-jsx-source@^7.12.1":
    "integrity" "sha512-O5JJi6fyfih0WfDgIJXksSPhGP/G0fQpfxYy87sDc+1sFmsCS6wr3aAn+whbzkhbjtq4VMqLRaSzR6IsshIC0Q=="
    "resolved" "https://registry.npmjs.org/@babel/plugin-transform-react-jsx-source/-/plugin-transform-react-jsx-source-7.12.13.tgz"
    "version" "7.12.13"
    dependencies:
      "@babel/helper-plugin-utils" "^7.12.13"
  
  "@babel/plugin-transform-react-jsx@^7.12.1", "@babel/plugin-transform-react-jsx@^7.12.13", "@babel/plugin-transform-react-jsx@^7.12.17":
    "integrity" "sha512-mwaVNcXV+l6qJOuRhpdTEj8sT/Z0owAVWf9QujTZ0d2ye9X/K+MTOTSizcgKOj18PGnTc/7g1I4+cIUjsKhBcw=="
    "resolved" "https://registry.npmjs.org/@babel/plugin-transform-react-jsx/-/plugin-transform-react-jsx-7.12.17.tgz"
    "version" "7.12.17"
    dependencies:
      "@babel/helper-annotate-as-pure" "^7.12.13"
      "@babel/helper-module-imports" "^7.12.13"
      "@babel/helper-plugin-utils" "^7.12.13"
      "@babel/plugin-syntax-jsx" "^7.12.13"
      "@babel/types" "^7.12.17"
  
  "@babel/plugin-transform-react-pure-annotations@^7.12.1":
    "integrity" "sha512-RqeaHiwZtphSIUZ5I85PEH19LOSzxfuEazoY7/pWASCAIBuATQzpSVD+eT6MebeeZT2F4eSL0u4vw6n4Nm0Mjg=="
    "resolved" "https://registry.npmjs.org/@babel/plugin-transform-react-pure-annotations/-/plugin-transform-react-pure-annotations-7.12.1.tgz"
    "version" "7.12.1"
    dependencies:
      "@babel/helper-annotate-as-pure" "^7.10.4"
      "@babel/helper-plugin-utils" "^7.10.4"
  
  "@babel/plugin-transform-regenerator@^7.12.1", "@babel/plugin-transform-regenerator@^7.12.13":
    "integrity" "sha512-lxb2ZAvSLyJ2PEe47hoGWPmW22v7CtSl9jW8mingV4H2sEX/JOcrAj2nPuGWi56ERUm2bUpjKzONAuT6HCn2EA=="
    "resolved" "https://registry.npmjs.org/@babel/plugin-transform-regenerator/-/plugin-transform-regenerator-7.12.13.tgz"
    "version" "7.12.13"
    dependencies:
      "regenerator-transform" "^0.14.2"
  
  "@babel/plugin-transform-reserved-words@^7.12.1", "@babel/plugin-transform-reserved-words@^7.12.13":
    "integrity" "sha512-xhUPzDXxZN1QfiOy/I5tyye+TRz6lA7z6xaT4CLOjPRMVg1ldRf0LHw0TDBpYL4vG78556WuHdyO9oi5UmzZBg=="
    "resolved" "https://registry.npmjs.org/@babel/plugin-transform-reserved-words/-/plugin-transform-reserved-words-7.12.13.tgz"
    "version" "7.12.13"
    dependencies:
      "@babel/helper-plugin-utils" "^7.12.13"
  
  "@babel/plugin-transform-runtime@7.12.1":
    "integrity" "sha512-Ac/H6G9FEIkS2tXsZjL4RAdS3L3WHxci0usAnz7laPWUmFiGtj7tIASChqKZMHTSQTQY6xDbOq+V1/vIq3QrWg=="
    "resolved" "https://registry.npmjs.org/@babel/plugin-transform-runtime/-/plugin-transform-runtime-7.12.1.tgz"
    "version" "7.12.1"
    dependencies:
      "@babel/helper-module-imports" "^7.12.1"
      "@babel/helper-plugin-utils" "^7.10.4"
      "resolve" "^1.8.1"
      "semver" "^5.5.1"
  
  "@babel/plugin-transform-shorthand-properties@^7.12.1", "@babel/plugin-transform-shorthand-properties@^7.12.13":
    "integrity" "sha512-xpL49pqPnLtf0tVluuqvzWIgLEhuPpZzvs2yabUHSKRNlN7ScYU7aMlmavOeyXJZKgZKQRBlh8rHbKiJDraTSw=="
    "resolved" "https://registry.npmjs.org/@babel/plugin-transform-shorthand-properties/-/plugin-transform-shorthand-properties-7.12.13.tgz"
    "version" "7.12.13"
    dependencies:
      "@babel/helper-plugin-utils" "^7.12.13"
  
  "@babel/plugin-transform-spread@^7.12.1", "@babel/plugin-transform-spread@^7.12.13":
    "integrity" "sha512-dUCrqPIowjqk5pXsx1zPftSq4sT0aCeZVAxhdgs3AMgyaDmoUT0G+5h3Dzja27t76aUEIJWlFgPJqJ/d4dbTtg=="
    "resolved" "https://registry.npmjs.org/@babel/plugin-transform-spread/-/plugin-transform-spread-7.12.13.tgz"
    "version" "7.12.13"
    dependencies:
      "@babel/helper-plugin-utils" "^7.12.13"
      "@babel/helper-skip-transparent-expression-wrappers" "^7.12.1"
  
  "@babel/plugin-transform-sticky-regex@^7.12.1", "@babel/plugin-transform-sticky-regex@^7.12.13":
    "integrity" "sha512-Jc3JSaaWT8+fr7GRvQP02fKDsYk4K/lYwWq38r/UGfaxo89ajud321NH28KRQ7xy1Ybc0VUE5Pz8psjNNDUglg=="
    "resolved" "https://registry.npmjs.org/@babel/plugin-transform-sticky-regex/-/plugin-transform-sticky-regex-7.12.13.tgz"
    "version" "7.12.13"
    dependencies:
      "@babel/helper-plugin-utils" "^7.12.13"
  
  "@babel/plugin-transform-template-literals@^7.12.1", "@babel/plugin-transform-template-literals@^7.12.13":
    "integrity" "sha512-arIKlWYUgmNsF28EyfmiQHJLJFlAJNYkuQO10jL46ggjBpeb2re1P9K9YGxNJB45BqTbaslVysXDYm/g3sN/Qg=="
    "resolved" "https://registry.npmjs.org/@babel/plugin-transform-template-literals/-/plugin-transform-template-literals-7.12.13.tgz"
    "version" "7.12.13"
    dependencies:
      "@babel/helper-plugin-utils" "^7.12.13"
  
  "@babel/plugin-transform-typeof-symbol@^7.12.1", "@babel/plugin-transform-typeof-symbol@^7.12.13":
    "integrity" "sha512-eKv/LmUJpMnu4npgfvs3LiHhJua5fo/CysENxa45YCQXZwKnGCQKAg87bvoqSW1fFT+HA32l03Qxsm8ouTY3ZQ=="
    "resolved" "https://registry.npmjs.org/@babel/plugin-transform-typeof-symbol/-/plugin-transform-typeof-symbol-7.12.13.tgz"
    "version" "7.12.13"
    dependencies:
      "@babel/helper-plugin-utils" "^7.12.13"
  
  "@babel/plugin-transform-typescript@^7.12.1":
    "integrity" "sha512-1bIYwnhRoetxkFonuZRtDZPFEjl1l5r+3ITkxLC3mlMaFja+GQFo94b/WHEPjqWLU9Bc+W4oFZbvCGe9eYMu1g=="
    "resolved" "https://registry.npmjs.org/@babel/plugin-transform-typescript/-/plugin-transform-typescript-7.12.17.tgz"
    "version" "7.12.17"
    dependencies:
      "@babel/helper-create-class-features-plugin" "^7.12.17"
      "@babel/helper-plugin-utils" "^7.12.13"
      "@babel/plugin-syntax-typescript" "^7.12.13"
  
  "@babel/plugin-transform-unicode-escapes@^7.12.1", "@babel/plugin-transform-unicode-escapes@^7.12.13":
    "integrity" "sha512-0bHEkdwJ/sN/ikBHfSmOXPypN/beiGqjo+o4/5K+vxEFNPRPdImhviPakMKG4x96l85emoa0Z6cDflsdBusZbw=="
    "resolved" "https://registry.npmjs.org/@babel/plugin-transform-unicode-escapes/-/plugin-transform-unicode-escapes-7.12.13.tgz"
    "version" "7.12.13"
    dependencies:
      "@babel/helper-plugin-utils" "^7.12.13"
  
  "@babel/plugin-transform-unicode-regex@^7.12.1", "@babel/plugin-transform-unicode-regex@^7.12.13":
    "integrity" "sha512-mDRzSNY7/zopwisPZ5kM9XKCfhchqIYwAKRERtEnhYscZB79VRekuRSoYbN0+KVe3y8+q1h6A4svXtP7N+UoCA=="
    "resolved" "https://registry.npmjs.org/@babel/plugin-transform-unicode-regex/-/plugin-transform-unicode-regex-7.12.13.tgz"
    "version" "7.12.13"
    dependencies:
      "@babel/helper-create-regexp-features-plugin" "^7.12.13"
      "@babel/helper-plugin-utils" "^7.12.13"
  
  "@babel/preset-env@^7.12.1", "@babel/preset-env@^7.8.4":
    "integrity" "sha512-9PMijx8zFbCwTHrd2P4PJR5nWGH3zWebx2OcpTjqQrHhCiL2ssSR2Sc9ko2BsI2VmVBfoaQmPrlMTCui4LmXQg=="
    "resolved" "https://registry.npmjs.org/@babel/preset-env/-/preset-env-7.12.17.tgz"
    "version" "7.12.17"
    dependencies:
      "@babel/compat-data" "^7.12.13"
      "@babel/helper-compilation-targets" "^7.12.17"
      "@babel/helper-module-imports" "^7.12.13"
      "@babel/helper-plugin-utils" "^7.12.13"
      "@babel/helper-validator-option" "^7.12.17"
      "@babel/plugin-proposal-async-generator-functions" "^7.12.13"
      "@babel/plugin-proposal-class-properties" "^7.12.13"
      "@babel/plugin-proposal-dynamic-import" "^7.12.17"
      "@babel/plugin-proposal-export-namespace-from" "^7.12.13"
      "@babel/plugin-proposal-json-strings" "^7.12.13"
      "@babel/plugin-proposal-logical-assignment-operators" "^7.12.13"
      "@babel/plugin-proposal-nullish-coalescing-operator" "^7.12.13"
      "@babel/plugin-proposal-numeric-separator" "^7.12.13"
      "@babel/plugin-proposal-object-rest-spread" "^7.12.13"
      "@babel/plugin-proposal-optional-catch-binding" "^7.12.13"
      "@babel/plugin-proposal-optional-chaining" "^7.12.17"
      "@babel/plugin-proposal-private-methods" "^7.12.13"
      "@babel/plugin-proposal-unicode-property-regex" "^7.12.13"
      "@babel/plugin-syntax-async-generators" "^7.8.0"
      "@babel/plugin-syntax-class-properties" "^7.12.13"
      "@babel/plugin-syntax-dynamic-import" "^7.8.0"
      "@babel/plugin-syntax-export-namespace-from" "^7.8.3"
      "@babel/plugin-syntax-json-strings" "^7.8.0"
      "@babel/plugin-syntax-logical-assignment-operators" "^7.10.4"
      "@babel/plugin-syntax-nullish-coalescing-operator" "^7.8.0"
      "@babel/plugin-syntax-numeric-separator" "^7.10.4"
      "@babel/plugin-syntax-object-rest-spread" "^7.8.0"
      "@babel/plugin-syntax-optional-catch-binding" "^7.8.0"
      "@babel/plugin-syntax-optional-chaining" "^7.8.0"
      "@babel/plugin-syntax-top-level-await" "^7.12.13"
      "@babel/plugin-transform-arrow-functions" "^7.12.13"
      "@babel/plugin-transform-async-to-generator" "^7.12.13"
      "@babel/plugin-transform-block-scoped-functions" "^7.12.13"
      "@babel/plugin-transform-block-scoping" "^7.12.13"
      "@babel/plugin-transform-classes" "^7.12.13"
      "@babel/plugin-transform-computed-properties" "^7.12.13"
      "@babel/plugin-transform-destructuring" "^7.12.13"
      "@babel/plugin-transform-dotall-regex" "^7.12.13"
      "@babel/plugin-transform-duplicate-keys" "^7.12.13"
      "@babel/plugin-transform-exponentiation-operator" "^7.12.13"
      "@babel/plugin-transform-for-of" "^7.12.13"
      "@babel/plugin-transform-function-name" "^7.12.13"
      "@babel/plugin-transform-literals" "^7.12.13"
      "@babel/plugin-transform-member-expression-literals" "^7.12.13"
      "@babel/plugin-transform-modules-amd" "^7.12.13"
      "@babel/plugin-transform-modules-commonjs" "^7.12.13"
      "@babel/plugin-transform-modules-systemjs" "^7.12.13"
      "@babel/plugin-transform-modules-umd" "^7.12.13"
      "@babel/plugin-transform-named-capturing-groups-regex" "^7.12.13"
      "@babel/plugin-transform-new-target" "^7.12.13"
      "@babel/plugin-transform-object-super" "^7.12.13"
      "@babel/plugin-transform-parameters" "^7.12.13"
      "@babel/plugin-transform-property-literals" "^7.12.13"
      "@babel/plugin-transform-regenerator" "^7.12.13"
      "@babel/plugin-transform-reserved-words" "^7.12.13"
      "@babel/plugin-transform-shorthand-properties" "^7.12.13"
      "@babel/plugin-transform-spread" "^7.12.13"
      "@babel/plugin-transform-sticky-regex" "^7.12.13"
      "@babel/plugin-transform-template-literals" "^7.12.13"
      "@babel/plugin-transform-typeof-symbol" "^7.12.13"
      "@babel/plugin-transform-unicode-escapes" "^7.12.13"
      "@babel/plugin-transform-unicode-regex" "^7.12.13"
      "@babel/preset-modules" "^0.1.3"
      "@babel/types" "^7.12.17"
      "core-js-compat" "^3.8.0"
      "semver" "^5.5.0"
  
  "@babel/preset-env@7.12.1":
    "integrity" "sha512-H8kxXmtPaAGT7TyBvSSkoSTUK6RHh61So05SyEbpmr0MCZrsNYn7mGMzzeYoOUCdHzww61k8XBft2TaES+xPLg=="
    "resolved" "https://registry.npmjs.org/@babel/preset-env/-/preset-env-7.12.1.tgz"
    "version" "7.12.1"
    dependencies:
      "@babel/compat-data" "^7.12.1"
      "@babel/helper-compilation-targets" "^7.12.1"
      "@babel/helper-module-imports" "^7.12.1"
      "@babel/helper-plugin-utils" "^7.10.4"
      "@babel/helper-validator-option" "^7.12.1"
      "@babel/plugin-proposal-async-generator-functions" "^7.12.1"
      "@babel/plugin-proposal-class-properties" "^7.12.1"
      "@babel/plugin-proposal-dynamic-import" "^7.12.1"
      "@babel/plugin-proposal-export-namespace-from" "^7.12.1"
      "@babel/plugin-proposal-json-strings" "^7.12.1"
      "@babel/plugin-proposal-logical-assignment-operators" "^7.12.1"
      "@babel/plugin-proposal-nullish-coalescing-operator" "^7.12.1"
      "@babel/plugin-proposal-numeric-separator" "^7.12.1"
      "@babel/plugin-proposal-object-rest-spread" "^7.12.1"
      "@babel/plugin-proposal-optional-catch-binding" "^7.12.1"
      "@babel/plugin-proposal-optional-chaining" "^7.12.1"
      "@babel/plugin-proposal-private-methods" "^7.12.1"
      "@babel/plugin-proposal-unicode-property-regex" "^7.12.1"
      "@babel/plugin-syntax-async-generators" "^7.8.0"
      "@babel/plugin-syntax-class-properties" "^7.12.1"
      "@babel/plugin-syntax-dynamic-import" "^7.8.0"
      "@babel/plugin-syntax-export-namespace-from" "^7.8.3"
      "@babel/plugin-syntax-json-strings" "^7.8.0"
      "@babel/plugin-syntax-logical-assignment-operators" "^7.10.4"
      "@babel/plugin-syntax-nullish-coalescing-operator" "^7.8.0"
      "@babel/plugin-syntax-numeric-separator" "^7.10.4"
      "@babel/plugin-syntax-object-rest-spread" "^7.8.0"
      "@babel/plugin-syntax-optional-catch-binding" "^7.8.0"
      "@babel/plugin-syntax-optional-chaining" "^7.8.0"
      "@babel/plugin-syntax-top-level-await" "^7.12.1"
      "@babel/plugin-transform-arrow-functions" "^7.12.1"
      "@babel/plugin-transform-async-to-generator" "^7.12.1"
      "@babel/plugin-transform-block-scoped-functions" "^7.12.1"
      "@babel/plugin-transform-block-scoping" "^7.12.1"
      "@babel/plugin-transform-classes" "^7.12.1"
      "@babel/plugin-transform-computed-properties" "^7.12.1"
      "@babel/plugin-transform-destructuring" "^7.12.1"
      "@babel/plugin-transform-dotall-regex" "^7.12.1"
      "@babel/plugin-transform-duplicate-keys" "^7.12.1"
      "@babel/plugin-transform-exponentiation-operator" "^7.12.1"
      "@babel/plugin-transform-for-of" "^7.12.1"
      "@babel/plugin-transform-function-name" "^7.12.1"
      "@babel/plugin-transform-literals" "^7.12.1"
      "@babel/plugin-transform-member-expression-literals" "^7.12.1"
      "@babel/plugin-transform-modules-amd" "^7.12.1"
      "@babel/plugin-transform-modules-commonjs" "^7.12.1"
      "@babel/plugin-transform-modules-systemjs" "^7.12.1"
      "@babel/plugin-transform-modules-umd" "^7.12.1"
      "@babel/plugin-transform-named-capturing-groups-regex" "^7.12.1"
      "@babel/plugin-transform-new-target" "^7.12.1"
      "@babel/plugin-transform-object-super" "^7.12.1"
      "@babel/plugin-transform-parameters" "^7.12.1"
      "@babel/plugin-transform-property-literals" "^7.12.1"
      "@babel/plugin-transform-regenerator" "^7.12.1"
      "@babel/plugin-transform-reserved-words" "^7.12.1"
      "@babel/plugin-transform-shorthand-properties" "^7.12.1"
      "@babel/plugin-transform-spread" "^7.12.1"
      "@babel/plugin-transform-sticky-regex" "^7.12.1"
      "@babel/plugin-transform-template-literals" "^7.12.1"
      "@babel/plugin-transform-typeof-symbol" "^7.12.1"
      "@babel/plugin-transform-unicode-escapes" "^7.12.1"
      "@babel/plugin-transform-unicode-regex" "^7.12.1"
      "@babel/preset-modules" "^0.1.3"
      "@babel/types" "^7.12.1"
      "core-js-compat" "^3.6.2"
      "semver" "^5.5.0"
  
  "@babel/preset-modules@^0.1.3":
    "integrity" "sha512-J36NhwnfdzpmH41M1DrnkkgAqhZaqr/NBdPfQ677mLzlaXo+oDiv1deyCDtgAhz8p328otdob0Du7+xgHGZbKg=="
    "resolved" "https://registry.npmjs.org/@babel/preset-modules/-/preset-modules-0.1.4.tgz"
    "version" "0.1.4"
    dependencies:
      "@babel/helper-plugin-utils" "^7.0.0"
      "@babel/plugin-proposal-unicode-property-regex" "^7.4.4"
      "@babel/plugin-transform-dotall-regex" "^7.4.4"
      "@babel/types" "^7.4.4"
      "esutils" "^2.0.2"
  
  "@babel/preset-react@^7.12.5":
    "integrity" "sha512-TYM0V9z6Abb6dj1K7i5NrEhA13oS5ujUYQYDfqIBXYHOc2c2VkFgc+q9kyssIyUfy4/hEwqrgSlJ/Qgv8zJLsA=="
    "resolved" "https://registry.npmjs.org/@babel/preset-react/-/preset-react-7.12.13.tgz"
    "version" "7.12.13"
    dependencies:
      "@babel/helper-plugin-utils" "^7.12.13"
      "@babel/plugin-transform-react-display-name" "^7.12.13"
      "@babel/plugin-transform-react-jsx" "^7.12.13"
      "@babel/plugin-transform-react-jsx-development" "^7.12.12"
      "@babel/plugin-transform-react-pure-annotations" "^7.12.1"
  
  "@babel/preset-react@7.12.1":
    "integrity" "sha512-euCExymHCi0qB9u5fKw7rvlw7AZSjw/NaB9h7EkdTt5+yHRrXdiRTh7fkG3uBPpJg82CqLfp1LHLqWGSCrab+g=="
    "resolved" "https://registry.npmjs.org/@babel/preset-react/-/preset-react-7.12.1.tgz"
    "version" "7.12.1"
    dependencies:
      "@babel/helper-plugin-utils" "^7.10.4"
      "@babel/plugin-transform-react-display-name" "^7.12.1"
      "@babel/plugin-transform-react-jsx" "^7.12.1"
      "@babel/plugin-transform-react-jsx-development" "^7.12.1"
      "@babel/plugin-transform-react-jsx-self" "^7.12.1"
      "@babel/plugin-transform-react-jsx-source" "^7.12.1"
      "@babel/plugin-transform-react-pure-annotations" "^7.12.1"
  
  "@babel/preset-typescript@7.12.1":
    "integrity" "sha512-hNK/DhmoJPsksdHuI/RVrcEws7GN5eamhi28JkO52MqIxU8Z0QpmiSOQxZHWOHV7I3P4UjHV97ay4TcamMA6Kw=="
    "resolved" "https://registry.npmjs.org/@babel/preset-typescript/-/preset-typescript-7.12.1.tgz"
    "version" "7.12.1"
    dependencies:
      "@babel/helper-plugin-utils" "^7.10.4"
      "@babel/plugin-transform-typescript" "^7.12.1"
  
  "@babel/runtime-corejs3@^7.10.2":
    "integrity" "sha512-ngR7yhNTjDxxe1VYmhqQqqXZWujGb6g0IoA4qeG6MxNGRnIw2Zo8ImY8HfaQ7l3T6GklWhdNfyhWk0C0iocdVA=="
    "resolved" "https://registry.npmjs.org/@babel/runtime-corejs3/-/runtime-corejs3-7.12.18.tgz"
    "version" "7.12.18"
    dependencies:
      "core-js-pure" "^3.0.0"
      "regenerator-runtime" "^0.13.4"
  
  "@babel/runtime@^7.1.2", "@babel/runtime@^7.10.2", "@babel/runtime@^7.11.2", "@babel/runtime@^7.12.1", "@babel/runtime@^7.5.5", "@babel/runtime@^7.7.2", "@babel/runtime@^7.8.4", "@babel/runtime@^7.9.2":
    "integrity" "sha512-BogPQ7ciE6SYAUPtlm9tWbgI9+2AgqSam6QivMgXgAT+fKbgppaj4ZX15MHeLC1PVF5sNk70huBu20XxWOs8Cg=="
    "resolved" "https://registry.npmjs.org/@babel/runtime/-/runtime-7.12.18.tgz"
    "version" "7.12.18"
    dependencies:
      "regenerator-runtime" "^0.13.4"
  
  "@babel/runtime@^7.12.5":
    "integrity" "sha512-/PCB2uJ7oM44tz8YhC4Z/6PeOKXp4K588f+5M3clr1M4zbqztlo0XEfJ2LEzj/FgwfgGcIdl8n7YYjTCI0BYwg=="
    "resolved" "https://registry.npmjs.org/@babel/runtime/-/runtime-7.14.6.tgz"
    "version" "7.14.6"
    dependencies:
      "regenerator-runtime" "^0.13.4"
  
  "@babel/runtime@7.12.1":
    "integrity" "sha512-J5AIf3vPj3UwXaAzb5j1xM4WAQDX3EMgemF8rjCP3SoW09LfRKAXQKt6CoVYl230P6iWdRcBbnLDDdnqWxZSCA=="
    "resolved" "https://registry.npmjs.org/@babel/runtime/-/runtime-7.12.1.tgz"
    "version" "7.12.1"
    dependencies:
      "regenerator-runtime" "^0.13.4"
  
  "@babel/template@^7.10.4", "@babel/template@^7.12.13", "@babel/template@^7.3.3":
    "integrity" "sha512-/7xxiGA57xMo/P2GVvdEumr8ONhFOhfgq2ihK3h1e6THqzTAkHbkXgB0xI9yeTfIUoH3+oAeHhqm/I43OTbbjA=="
    "resolved" "https://registry.npmjs.org/@babel/template/-/template-7.12.13.tgz"
    "version" "7.12.13"
    dependencies:
      "@babel/code-frame" "^7.12.13"
      "@babel/parser" "^7.12.13"
      "@babel/types" "^7.12.13"
  
  "@babel/traverse@^7.1.0", "@babel/traverse@^7.12.1", "@babel/traverse@^7.12.13", "@babel/traverse@^7.12.17", "@babel/traverse@^7.7.0":
    "integrity" "sha512-LGkTqDqdiwC6Q7fWSwQoas/oyiEYw6Hqjve5KOSykXkmFJFqzvGMb9niaUEag3Rlve492Mkye3gLw9FTv94fdQ=="
    "resolved" "https://registry.npmjs.org/@babel/traverse/-/traverse-7.12.17.tgz"
    "version" "7.12.17"
    dependencies:
      "@babel/code-frame" "^7.12.13"
      "@babel/generator" "^7.12.17"
      "@babel/helper-function-name" "^7.12.13"
      "@babel/helper-split-export-declaration" "^7.12.13"
      "@babel/parser" "^7.12.17"
      "@babel/types" "^7.12.17"
      "debug" "^4.1.0"
      "globals" "^11.1.0"
      "lodash" "^4.17.19"
  
  "@babel/types@^7.0.0", "@babel/types@^7.12.1", "@babel/types@^7.12.13", "@babel/types@^7.12.17", "@babel/types@^7.12.6", "@babel/types@^7.3.0", "@babel/types@^7.3.3", "@babel/types@^7.4.4", "@babel/types@^7.7.0":
    "integrity" "sha512-tNMDjcv/4DIcHxErTgwB9q2ZcYyN0sUfgGKUK/mm1FJK7Wz+KstoEekxrl/tBiNDgLK1HGi+sppj1An/1DR4fQ=="
    "resolved" "https://registry.npmjs.org/@babel/types/-/types-7.12.17.tgz"
    "version" "7.12.17"
    dependencies:
      "@babel/helper-validator-identifier" "^7.12.11"
      "lodash" "^4.17.19"
      "to-fast-properties" "^2.0.0"
  
  "@bcoe/v8-coverage@^0.2.3":
    "integrity" "sha512-0hYQ8SB4Db5zvZB4axdMHGwEaQjkZzFjQiN9LVYvIFB2nSUHW9tYpxWriPrWDASIxiaXax83REcLxuSdnGPZtw=="
    "resolved" "https://registry.npmjs.org/@bcoe/v8-coverage/-/v8-coverage-0.2.3.tgz"
    "version" "0.2.3"
  
  "@cnakazawa/watch@^1.0.3":
    "integrity" "sha512-v9kIhKwjeZThiWrLmj0y17CWoyddASLj9O2yvbZkbvw/N3rWOYy9zkV66ursAoVr0mV15bL8g0c4QZUE6cdDoQ=="
    "resolved" "https://registry.npmjs.org/@cnakazawa/watch/-/watch-1.0.4.tgz"
    "version" "1.0.4"
    dependencies:
      "exec-sh" "^0.3.2"
      "minimist" "^1.2.0"
  
  "@csstools/convert-colors@^1.4.0":
    "integrity" "sha512-5a6wqoJV/xEdbRNKVo6I4hO3VjyDq//8q2f9I6PBAvMesJHFauXDorcNCsr9RzvsZnaWi5NYCcfyqP1QeFHFbw=="
    "resolved" "https://registry.npmjs.org/@csstools/convert-colors/-/convert-colors-1.4.0.tgz"
    "version" "1.4.0"
  
  "@csstools/normalize.css@^10.1.0":
    "integrity" "sha512-ij4wRiunFfaJxjB0BdrYHIH8FxBJpOwNPhhAcunlmPdXudL1WQV1qoP9un6JsEBAgQH+7UXyyjh0g7jTxXK6tg=="
    "resolved" "https://registry.npmjs.org/@csstools/normalize.css/-/normalize.css-10.1.0.tgz"
    "version" "10.1.0"
  
  "@eslint/eslintrc@^0.3.0":
    "integrity" "sha512-1JTKgrOKAHVivSvOYw+sJOunkBjUOvjqWk1DPja7ZFhIS2mX/4EgTT8M7eTK9jrKhL/FvXXEbQwIs3pg1xp3dg=="
    "resolved" "https://registry.npmjs.org/@eslint/eslintrc/-/eslintrc-0.3.0.tgz"
    "version" "0.3.0"
    dependencies:
      "ajv" "^6.12.4"
      "debug" "^4.1.1"
      "espree" "^7.3.0"
      "globals" "^12.1.0"
      "ignore" "^4.0.6"
      "import-fresh" "^3.2.1"
      "js-yaml" "^3.13.1"
      "lodash" "^4.17.20"
      "minimatch" "^3.0.4"
      "strip-json-comments" "^3.1.1"
  
  "@hapi/address@2.x.x":
    "integrity" "sha512-QD1PhQk+s31P1ixsX0H0Suoupp3VMXzIVMSwobR3F3MSUO2YCV0B7xqLcUw/Bh8yuvd3LhpyqLQWTNcRmp6IdQ=="
    "resolved" "https://registry.npmjs.org/@hapi/address/-/address-2.1.4.tgz"
    "version" "2.1.4"
  
  "@hapi/bourne@1.x.x":
    "integrity" "sha512-1dVNHT76Uu5N3eJNTYcvxee+jzX4Z9lfciqRRHCU27ihbUcYi+iSc2iml5Ke1LXe1SyJCLA0+14Jh4tXJgOppA=="
    "resolved" "https://registry.npmjs.org/@hapi/bourne/-/bourne-1.3.2.tgz"
    "version" "1.3.2"
  
  "@hapi/hoek@^8.3.0", "@hapi/hoek@8.x.x":
    "integrity" "sha512-yN7kbciD87WzLGc5539Tn0sApjyiGHAJgKvG9W8C7O+6c7qmoQMfVs0W4bX17eqz6C78QJqqFrtgdK5EWf6Qow=="
    "resolved" "https://registry.npmjs.org/@hapi/hoek/-/hoek-8.5.1.tgz"
    "version" "8.5.1"
  
  "@hapi/joi@^15.1.0":
    "integrity" "sha512-entf8ZMOK8sc+8YfeOlM8pCfg3b5+WZIKBfUaaJT8UsjAAPjartzxIYm3TIbjvA4u+u++KbcXD38k682nVHDAQ=="
    "resolved" "https://registry.npmjs.org/@hapi/joi/-/joi-15.1.1.tgz"
    "version" "15.1.1"
    dependencies:
      "@hapi/address" "2.x.x"
      "@hapi/bourne" "1.x.x"
      "@hapi/hoek" "8.x.x"
      "@hapi/topo" "3.x.x"
  
  "@hapi/topo@3.x.x":
    "integrity" "sha512-tAag0jEcjwH+P2quUfipd7liWCNX2F8NvYjQp2wtInsZxnMlypdw0FtAOLxtvvkO+GSRRbmNi8m/5y42PQJYCQ=="
    "resolved" "https://registry.npmjs.org/@hapi/topo/-/topo-3.1.6.tgz"
    "version" "3.1.6"
    dependencies:
      "@hapi/hoek" "^8.3.0"
  
  "@istanbuljs/load-nyc-config@^1.0.0":
    "integrity" "sha512-VjeHSlIzpv/NyD3N0YuHfXOPDIixcA1q2ZV98wsMqcYlPmv2n3Yb2lYP9XMElnaFVXg5A7YLTeLu6V84uQDjmQ=="
    "resolved" "https://registry.npmjs.org/@istanbuljs/load-nyc-config/-/load-nyc-config-1.1.0.tgz"
    "version" "1.1.0"
    dependencies:
      "camelcase" "^5.3.1"
      "find-up" "^4.1.0"
      "get-package-type" "^0.1.0"
      "js-yaml" "^3.13.1"
      "resolve-from" "^5.0.0"
  
  "@istanbuljs/schema@^0.1.2":
    "integrity" "sha512-ZXRY4jNvVgSVQ8DL3LTcakaAtXwTVUxE81hslsyD2AtoXW/wVob10HkOJ1X/pAlcI7D+2YoZKg5do8G/w6RYgA=="
    "resolved" "https://registry.npmjs.org/@istanbuljs/schema/-/schema-0.1.3.tgz"
    "version" "0.1.3"
  
  "@jest/console@^26.6.2":
    "integrity" "sha512-IY1R2i2aLsLr7Id3S6p2BA82GNWryt4oSvEXLAKc+L2zdi89dSkE8xC1C+0kpATG4JhBJREnQOH7/zmccM2B0g=="
    "resolved" "https://registry.npmjs.org/@jest/console/-/console-26.6.2.tgz"
    "version" "26.6.2"
    dependencies:
      "@jest/types" "^26.6.2"
      "@types/node" "*"
      "chalk" "^4.0.0"
      "jest-message-util" "^26.6.2"
      "jest-util" "^26.6.2"
      "slash" "^3.0.0"
  
  "@jest/core@^26.6.0", "@jest/core@^26.6.3":
    "integrity" "sha512-xvV1kKbhfUqFVuZ8Cyo+JPpipAHHAV3kcDBftiduK8EICXmTFddryy3P7NfZt8Pv37rA9nEJBKCCkglCPt/Xjw=="
    "resolved" "https://registry.npmjs.org/@jest/core/-/core-26.6.3.tgz"
    "version" "26.6.3"
    dependencies:
      "@jest/console" "^26.6.2"
      "@jest/reporters" "^26.6.2"
      "@jest/test-result" "^26.6.2"
      "@jest/transform" "^26.6.2"
      "@jest/types" "^26.6.2"
      "@types/node" "*"
      "ansi-escapes" "^4.2.1"
      "chalk" "^4.0.0"
      "exit" "^0.1.2"
      "graceful-fs" "^4.2.4"
      "jest-changed-files" "^26.6.2"
      "jest-config" "^26.6.3"
      "jest-haste-map" "^26.6.2"
      "jest-message-util" "^26.6.2"
      "jest-regex-util" "^26.0.0"
      "jest-resolve" "^26.6.2"
      "jest-resolve-dependencies" "^26.6.3"
      "jest-runner" "^26.6.3"
      "jest-runtime" "^26.6.3"
      "jest-snapshot" "^26.6.2"
      "jest-util" "^26.6.2"
      "jest-validate" "^26.6.2"
      "jest-watcher" "^26.6.2"
      "micromatch" "^4.0.2"
      "p-each-series" "^2.1.0"
      "rimraf" "^3.0.0"
      "slash" "^3.0.0"
      "strip-ansi" "^6.0.0"
  
  "@jest/environment@^26.6.0", "@jest/environment@^26.6.2":
    "integrity" "sha512-nFy+fHl28zUrRsCeMB61VDThV1pVTtlEokBRgqPrcT1JNq4yRNIyTHfyht6PqtUvY9IsuLGTrbG8kPXjSZIZwA=="
    "resolved" "https://registry.npmjs.org/@jest/environment/-/environment-26.6.2.tgz"
    "version" "26.6.2"
    dependencies:
      "@jest/fake-timers" "^26.6.2"
      "@jest/types" "^26.6.2"
      "@types/node" "*"
      "jest-mock" "^26.6.2"
  
  "@jest/fake-timers@^26.6.2":
    "integrity" "sha512-14Uleatt7jdzefLPYM3KLcnUl1ZNikaKq34enpb5XG9i81JpppDb5muZvonvKyrl7ftEHkKS5L5/eB/kxJ+bvA=="
    "resolved" "https://registry.npmjs.org/@jest/fake-timers/-/fake-timers-26.6.2.tgz"
    "version" "26.6.2"
    dependencies:
      "@jest/types" "^26.6.2"
      "@sinonjs/fake-timers" "^6.0.1"
      "@types/node" "*"
      "jest-message-util" "^26.6.2"
      "jest-mock" "^26.6.2"
      "jest-util" "^26.6.2"
  
  "@jest/globals@^26.6.2":
    "integrity" "sha512-85Ltnm7HlB/KesBUuALwQ68YTU72w9H2xW9FjZ1eL1U3lhtefjjl5c2MiUbpXt/i6LaPRvoOFJ22yCBSfQ0JIA=="
    "resolved" "https://registry.npmjs.org/@jest/globals/-/globals-26.6.2.tgz"
    "version" "26.6.2"
    dependencies:
      "@jest/environment" "^26.6.2"
      "@jest/types" "^26.6.2"
      "expect" "^26.6.2"
  
  "@jest/reporters@^26.6.2":
    "integrity" "sha512-h2bW53APG4HvkOnVMo8q3QXa6pcaNt1HkwVsOPMBV6LD/q9oSpxNSYZQYkAnjdMjrJ86UuYeLo+aEZClV6opnw=="
    "resolved" "https://registry.npmjs.org/@jest/reporters/-/reporters-26.6.2.tgz"
    "version" "26.6.2"
    dependencies:
      "@bcoe/v8-coverage" "^0.2.3"
      "@jest/console" "^26.6.2"
      "@jest/test-result" "^26.6.2"
      "@jest/transform" "^26.6.2"
      "@jest/types" "^26.6.2"
      "chalk" "^4.0.0"
      "collect-v8-coverage" "^1.0.0"
      "exit" "^0.1.2"
      "glob" "^7.1.2"
      "graceful-fs" "^4.2.4"
      "istanbul-lib-coverage" "^3.0.0"
      "istanbul-lib-instrument" "^4.0.3"
      "istanbul-lib-report" "^3.0.0"
      "istanbul-lib-source-maps" "^4.0.0"
      "istanbul-reports" "^3.0.2"
      "jest-haste-map" "^26.6.2"
      "jest-resolve" "^26.6.2"
      "jest-util" "^26.6.2"
      "jest-worker" "^26.6.2"
      "slash" "^3.0.0"
      "source-map" "^0.6.0"
      "string-length" "^4.0.1"
      "terminal-link" "^2.0.0"
      "v8-to-istanbul" "^7.0.0"
    optionalDependencies:
      "node-notifier" "^8.0.0"
  
  "@jest/source-map@^26.6.2":
    "integrity" "sha512-YwYcCwAnNmOVsZ8mr3GfnzdXDAl4LaenZP5z+G0c8bzC9/dugL8zRmxZzdoTl4IaS3CryS1uWnROLPFmb6lVvA=="
    "resolved" "https://registry.npmjs.org/@jest/source-map/-/source-map-26.6.2.tgz"
    "version" "26.6.2"
    dependencies:
      "callsites" "^3.0.0"
      "graceful-fs" "^4.2.4"
      "source-map" "^0.6.0"
  
  "@jest/test-result@^26.6.0", "@jest/test-result@^26.6.2":
    "integrity" "sha512-5O7H5c/7YlojphYNrK02LlDIV2GNPYisKwHm2QTKjNZeEzezCbwYs9swJySv2UfPMyZ0VdsmMv7jIlD/IKYQpQ=="
    "resolved" "https://registry.npmjs.org/@jest/test-result/-/test-result-26.6.2.tgz"
    "version" "26.6.2"
    dependencies:
      "@jest/console" "^26.6.2"
      "@jest/types" "^26.6.2"
      "@types/istanbul-lib-coverage" "^2.0.0"
      "collect-v8-coverage" "^1.0.0"
  
  "@jest/test-sequencer@^26.6.3":
    "integrity" "sha512-YHlVIjP5nfEyjlrSr8t/YdNfU/1XEt7c5b4OxcXCjyRhjzLYu/rO69/WHPuYcbCWkz8kAeZVZp2N2+IOLLEPGw=="
    "resolved" "https://registry.npmjs.org/@jest/test-sequencer/-/test-sequencer-26.6.3.tgz"
    "version" "26.6.3"
    dependencies:
      "@jest/test-result" "^26.6.2"
      "graceful-fs" "^4.2.4"
      "jest-haste-map" "^26.6.2"
      "jest-runner" "^26.6.3"
      "jest-runtime" "^26.6.3"
  
  "@jest/transform@^26.6.2":
    "integrity" "sha512-E9JjhUgNzvuQ+vVAL21vlyfy12gP0GhazGgJC4h6qUt1jSdUXGWJ1wfu/X7Sd8etSgxV4ovT1pb9v5D6QW4XgA=="
    "resolved" "https://registry.npmjs.org/@jest/transform/-/transform-26.6.2.tgz"
    "version" "26.6.2"
    dependencies:
      "@babel/core" "^7.1.0"
      "@jest/types" "^26.6.2"
      "babel-plugin-istanbul" "^6.0.0"
      "chalk" "^4.0.0"
      "convert-source-map" "^1.4.0"
      "fast-json-stable-stringify" "^2.0.0"
      "graceful-fs" "^4.2.4"
      "jest-haste-map" "^26.6.2"
      "jest-regex-util" "^26.0.0"
      "jest-util" "^26.6.2"
      "micromatch" "^4.0.2"
      "pirates" "^4.0.1"
      "slash" "^3.0.0"
      "source-map" "^0.6.1"
      "write-file-atomic" "^3.0.0"
  
  "@jest/types@^26.6.0", "@jest/types@^26.6.2":
    "integrity" "sha512-fC6QCp7Sc5sX6g8Tvbmj4XUTbyrik0akgRy03yjXbQaBWWNWGE7SGtJk98m0N8nzegD/7SggrUlivxo5ax4KWQ=="
    "resolved" "https://registry.npmjs.org/@jest/types/-/types-26.6.2.tgz"
    "version" "26.6.2"
    dependencies:
      "@types/istanbul-lib-coverage" "^2.0.0"
      "@types/istanbul-reports" "^3.0.0"
      "@types/node" "*"
      "@types/yargs" "^15.0.0"
      "chalk" "^4.0.0"
  
  "@nodelib/fs.scandir@2.1.4":
    "integrity" "sha512-33g3pMJk3bg5nXbL/+CY6I2eJDzZAni49PfJnL5fghPTggPvBd/pFNSgJsdAgWptuFu7qq/ERvOYFlhvsLTCKA=="
    "resolved" "https://registry.npmjs.org/@nodelib/fs.scandir/-/fs.scandir-2.1.4.tgz"
    "version" "2.1.4"
    dependencies:
      "@nodelib/fs.stat" "2.0.4"
      "run-parallel" "^1.1.9"
  
  "@nodelib/fs.stat@^2.0.2", "@nodelib/fs.stat@2.0.4":
    "integrity" "sha512-IYlHJA0clt2+Vg7bccq+TzRdJvv19c2INqBSsoOLp1je7xjtr7J26+WXR72MCdvU9q1qTzIWDfhMf+DRvQJK4Q=="
    "resolved" "https://registry.npmjs.org/@nodelib/fs.stat/-/fs.stat-2.0.4.tgz"
    "version" "2.0.4"
  
  "@nodelib/fs.walk@^1.2.3":
    "integrity" "sha512-8Broas6vTtW4GIXTAHDoE32hnN2M5ykgCpWGbuXHQ15vEMqr23pB76e/GZcYsZCHALv50ktd24qhEyKr6wBtow=="
    "resolved" "https://registry.npmjs.org/@nodelib/fs.walk/-/fs.walk-1.2.6.tgz"
    "version" "1.2.6"
    dependencies:
      "@nodelib/fs.scandir" "2.1.4"
      "fastq" "^1.6.0"
  
  "@npmcli/move-file@^1.0.1":
    "integrity" "sha512-1SUf/Cg2GzGDyaf15aR9St9TWlb+XvbZXWpDx8YKs7MLzMH/BCeopv+y9vzrzgkfykCGuWOlSu3mZhj2+FQcrg=="
    "resolved" "https://registry.npmjs.org/@npmcli/move-file/-/move-file-1.1.2.tgz"
    "version" "1.1.2"
    dependencies:
      "mkdirp" "^1.0.4"
      "rimraf" "^3.0.2"
  
  "@pmmmwh/react-refresh-webpack-plugin@0.4.3":
    "integrity" "sha512-br5Qwvh8D2OQqSXpd1g/xqXKnK0r+Jz6qVKBbWmpUcrbGOxUrf39V5oZ1876084CGn18uMdR5uvPqBv9UqtBjQ=="
    "resolved" "https://registry.npmjs.org/@pmmmwh/react-refresh-webpack-plugin/-/react-refresh-webpack-plugin-0.4.3.tgz"
    "version" "0.4.3"
    dependencies:
      "ansi-html" "^0.0.7"
      "error-stack-parser" "^2.0.6"
      "html-entities" "^1.2.1"
      "native-url" "^0.2.6"
      "schema-utils" "^2.6.5"
      "source-map" "^0.7.3"
  
  "@rollup/plugin-node-resolve@^7.1.1":
    "integrity" "sha512-RxtSL3XmdTAE2byxekYLnx+98kEUOrPHF/KRVjLH+DEIHy6kjIw7YINQzn+NXiH/NTrQLAwYs0GWB+csWygA9Q=="
    "resolved" "https://registry.npmjs.org/@rollup/plugin-node-resolve/-/plugin-node-resolve-7.1.3.tgz"
    "version" "7.1.3"
    dependencies:
      "@rollup/pluginutils" "^3.0.8"
      "@types/resolve" "0.0.8"
      "builtin-modules" "^3.1.0"
      "is-module" "^1.0.0"
      "resolve" "^1.14.2"
  
  "@rollup/plugin-replace@^2.3.1":
    "integrity" "sha512-XwC1oK5rrtRJ0tn1ioLHS6OV5JTluJF7QE1J/q1hN3bquwjnVxjtMyY9iCnoyH9DQbf92CxajB3o98wZbP3oAQ=="
    "resolved" "https://registry.npmjs.org/@rollup/plugin-replace/-/plugin-replace-2.4.1.tgz"
    "version" "2.4.1"
    dependencies:
      "@rollup/pluginutils" "^3.1.0"
      "magic-string" "^0.25.7"
  
  "@rollup/pluginutils@^3.0.8", "@rollup/pluginutils@^3.1.0":
    "integrity" "sha512-GksZ6pr6TpIjHm8h9lSQ8pi8BE9VeubNT0OMJ3B5uZJ8pz73NPiqOtCog/x2/QzM1ENChPKxMDhiQuRHsqc+lg=="
    "resolved" "https://registry.npmjs.org/@rollup/pluginutils/-/pluginutils-3.1.0.tgz"
    "version" "3.1.0"
    dependencies:
      "@types/estree" "0.0.39"
      "estree-walker" "^1.0.1"
      "picomatch" "^2.2.2"
  
  "@sinonjs/commons@^1.7.0":
    "integrity" "sha512-sruwd86RJHdsVf/AtBoijDmUqJp3B6hF/DGC23C+JaegnDHaZyewCjoVGTdg3J0uz3Zs7NnIT05OBOmML72lQw=="
    "resolved" "https://registry.npmjs.org/@sinonjs/commons/-/commons-1.8.2.tgz"
    "version" "1.8.2"
    dependencies:
      "type-detect" "4.0.8"
  
  "@sinonjs/fake-timers@^6.0.1":
    "integrity" "sha512-MZPUxrmFubI36XS1DI3qmI0YdN1gks62JtFZvxR67ljjSNCeK6U08Zx4msEWOXuofgqUt6zPHSi1H9fbjR/NRA=="
    "resolved" "https://registry.npmjs.org/@sinonjs/fake-timers/-/fake-timers-6.0.1.tgz"
    "version" "6.0.1"
    dependencies:
      "@sinonjs/commons" "^1.7.0"
  
  "@surma/rollup-plugin-off-main-thread@^1.1.1":
    "integrity" "sha512-yBMPqmd1yEJo/280PAMkychuaALyQ9Lkb5q1ck3mjJrFuEobIfhnQ4J3mbvBoISmR3SWMWV+cGB/I0lCQee79A=="
    "resolved" "https://registry.npmjs.org/@surma/rollup-plugin-off-main-thread/-/rollup-plugin-off-main-thread-1.4.2.tgz"
    "version" "1.4.2"
    dependencies:
      "ejs" "^2.6.1"
      "magic-string" "^0.25.0"
  
  "@svgr/babel-plugin-add-jsx-attribute@^5.4.0":
    "integrity" "sha512-ZFf2gs/8/6B8PnSofI0inYXr2SDNTDScPXhN7k5EqD4aZ3gi6u+rbmZHVB8IM3wDyx8ntKACZbtXSm7oZGRqVg=="
    "resolved" "https://registry.npmjs.org/@svgr/babel-plugin-add-jsx-attribute/-/babel-plugin-add-jsx-attribute-5.4.0.tgz"
    "version" "5.4.0"
  
  "@svgr/babel-plugin-remove-jsx-attribute@^5.4.0":
    "integrity" "sha512-yaS4o2PgUtwLFGTKbsiAy6D0o3ugcUhWK0Z45umJ66EPWunAz9fuFw2gJuje6wqQvQWOTJvIahUwndOXb7QCPg=="
    "resolved" "https://registry.npmjs.org/@svgr/babel-plugin-remove-jsx-attribute/-/babel-plugin-remove-jsx-attribute-5.4.0.tgz"
    "version" "5.4.0"
  
  "@svgr/babel-plugin-remove-jsx-empty-expression@^5.0.1":
    "integrity" "sha512-LA72+88A11ND/yFIMzyuLRSMJ+tRKeYKeQ+mR3DcAZ5I4h5CPWN9AHyUzJbWSYp/u2u0xhmgOe0+E41+GjEueA=="
    "resolved" "https://registry.npmjs.org/@svgr/babel-plugin-remove-jsx-empty-expression/-/babel-plugin-remove-jsx-empty-expression-5.0.1.tgz"
    "version" "5.0.1"
  
  "@svgr/babel-plugin-replace-jsx-attribute-value@^5.0.1":
    "integrity" "sha512-PoiE6ZD2Eiy5mK+fjHqwGOS+IXX0wq/YDtNyIgOrc6ejFnxN4b13pRpiIPbtPwHEc+NT2KCjteAcq33/F1Y9KQ=="
    "resolved" "https://registry.npmjs.org/@svgr/babel-plugin-replace-jsx-attribute-value/-/babel-plugin-replace-jsx-attribute-value-5.0.1.tgz"
    "version" "5.0.1"
  
  "@svgr/babel-plugin-svg-dynamic-title@^5.4.0":
    "integrity" "sha512-zSOZH8PdZOpuG1ZVx/cLVePB2ibo3WPpqo7gFIjLV9a0QsuQAzJiwwqmuEdTaW2pegyBE17Uu15mOgOcgabQZg=="
    "resolved" "https://registry.npmjs.org/@svgr/babel-plugin-svg-dynamic-title/-/babel-plugin-svg-dynamic-title-5.4.0.tgz"
    "version" "5.4.0"
  
  "@svgr/babel-plugin-svg-em-dimensions@^5.4.0":
    "integrity" "sha512-cPzDbDA5oT/sPXDCUYoVXEmm3VIoAWAPT6mSPTJNbQaBNUuEKVKyGH93oDY4e42PYHRW67N5alJx/eEol20abw=="
    "resolved" "https://registry.npmjs.org/@svgr/babel-plugin-svg-em-dimensions/-/babel-plugin-svg-em-dimensions-5.4.0.tgz"
    "version" "5.4.0"
  
  "@svgr/babel-plugin-transform-react-native-svg@^5.4.0":
    "integrity" "sha512-3eYP/SaopZ41GHwXma7Rmxcv9uRslRDTY1estspeB1w1ueZWd/tPlMfEOoccYpEMZU3jD4OU7YitnXcF5hLW2Q=="
    "resolved" "https://registry.npmjs.org/@svgr/babel-plugin-transform-react-native-svg/-/babel-plugin-transform-react-native-svg-5.4.0.tgz"
    "version" "5.4.0"
  
  "@svgr/babel-plugin-transform-svg-component@^5.5.0":
    "integrity" "sha512-q4jSH1UUvbrsOtlo/tKcgSeiCHRSBdXoIoqX1pgcKK/aU3JD27wmMKwGtpB8qRYUYoyXvfGxUVKchLuR5pB3rQ=="
    "resolved" "https://registry.npmjs.org/@svgr/babel-plugin-transform-svg-component/-/babel-plugin-transform-svg-component-5.5.0.tgz"
    "version" "5.5.0"
  
  "@svgr/babel-preset@^5.5.0":
    "integrity" "sha512-4FiXBjvQ+z2j7yASeGPEi8VD/5rrGQk4Xrq3EdJmoZgz/tpqChpo5hgXDvmEauwtvOc52q8ghhZK4Oy7qph4ig=="
    "resolved" "https://registry.npmjs.org/@svgr/babel-preset/-/babel-preset-5.5.0.tgz"
    "version" "5.5.0"
    dependencies:
      "@svgr/babel-plugin-add-jsx-attribute" "^5.4.0"
      "@svgr/babel-plugin-remove-jsx-attribute" "^5.4.0"
      "@svgr/babel-plugin-remove-jsx-empty-expression" "^5.0.1"
      "@svgr/babel-plugin-replace-jsx-attribute-value" "^5.0.1"
      "@svgr/babel-plugin-svg-dynamic-title" "^5.4.0"
      "@svgr/babel-plugin-svg-em-dimensions" "^5.4.0"
      "@svgr/babel-plugin-transform-react-native-svg" "^5.4.0"
      "@svgr/babel-plugin-transform-svg-component" "^5.5.0"
  
  "@svgr/core@^5.5.0":
    "integrity" "sha512-q52VOcsJPvV3jO1wkPtzTuKlvX7Y3xIcWRpCMtBF3MrteZJtBfQw/+u0B1BHy5ColpQc1/YVTrPEtSYIMNZlrQ=="
    "resolved" "https://registry.npmjs.org/@svgr/core/-/core-5.5.0.tgz"
    "version" "5.5.0"
    dependencies:
      "@svgr/plugin-jsx" "^5.5.0"
      "camelcase" "^6.2.0"
      "cosmiconfig" "^7.0.0"
  
  "@svgr/hast-util-to-babel-ast@^5.5.0":
    "integrity" "sha512-cAaR/CAiZRB8GP32N+1jocovUtvlj0+e65TB50/6Lcime+EA49m/8l+P2ko+XPJ4dw3xaPS3jOL4F2X4KWxoeQ=="
    "resolved" "https://registry.npmjs.org/@svgr/hast-util-to-babel-ast/-/hast-util-to-babel-ast-5.5.0.tgz"
    "version" "5.5.0"
    dependencies:
      "@babel/types" "^7.12.6"
  
  "@svgr/plugin-jsx@^5.5.0":
    "integrity" "sha512-V/wVh33j12hGh05IDg8GpIUXbjAPnTdPTKuP4VNLggnwaHMPNQNae2pRnyTAILWCQdz5GyMqtO488g7CKM8CBA=="
    "resolved" "https://registry.npmjs.org/@svgr/plugin-jsx/-/plugin-jsx-5.5.0.tgz"
    "version" "5.5.0"
    dependencies:
      "@babel/core" "^7.12.3"
      "@svgr/babel-preset" "^5.5.0"
      "@svgr/hast-util-to-babel-ast" "^5.5.0"
      "svg-parser" "^2.0.2"
  
  "@svgr/plugin-svgo@^5.5.0":
    "integrity" "sha512-r5swKk46GuQl4RrVejVwpeeJaydoxkdwkM1mBKOgJLBUJPGaLci6ylg/IjhrRsREKDkr4kbMWdgOtbXEh0fyLQ=="
    "resolved" "https://registry.npmjs.org/@svgr/plugin-svgo/-/plugin-svgo-5.5.0.tgz"
    "version" "5.5.0"
    dependencies:
      "cosmiconfig" "^7.0.0"
      "deepmerge" "^4.2.2"
      "svgo" "^1.2.2"
  
  "@svgr/webpack@5.5.0":
    "integrity" "sha512-DOBOK255wfQxguUta2INKkzPj6AIS6iafZYiYmHn6W3pHlycSRRlvWKCfLDG10fXfLWqE3DJHgRUOyJYmARa7g=="
    "resolved" "https://registry.npmjs.org/@svgr/webpack/-/webpack-5.5.0.tgz"
    "version" "5.5.0"
    dependencies:
      "@babel/core" "^7.12.3"
      "@babel/plugin-transform-react-constant-elements" "^7.12.1"
      "@babel/preset-env" "^7.12.1"
      "@babel/preset-react" "^7.12.5"
      "@svgr/core" "^5.5.0"
      "@svgr/plugin-jsx" "^5.5.0"
      "@svgr/plugin-svgo" "^5.5.0"
      "loader-utils" "^2.0.0"
  
  "@testing-library/dom@^7.28.1", "@testing-library/dom@>=7.21.4":
    "integrity" "sha512-3UqjCpey6HiTZT92vODYLPxTBWlM8ZOOjr3LX5F37/VRipW2M1kX6I/Cm4VXzteZqfGfagg8yXywpcOgQBlNsQ=="
    "resolved" "https://registry.npmjs.org/@testing-library/dom/-/dom-7.31.2.tgz"
    "version" "7.31.2"
    dependencies:
      "@babel/code-frame" "^7.10.4"
      "@babel/runtime" "^7.12.5"
      "@types/aria-query" "^4.2.0"
      "aria-query" "^4.2.2"
      "chalk" "^4.1.0"
      "dom-accessibility-api" "^0.5.6"
      "lz-string" "^1.4.4"
      "pretty-format" "^26.6.2"
  
  "@testing-library/jest-dom@^5.11.4":
    "integrity" "sha512-dfB7HVIgTNCxH22M1+KU6viG5of2ldoA5ly8Ar8xkezKHKXjRvznCdbMbqjYGgO2xjRbwnR+rR8MLUIqF3kKbQ=="
    "resolved" "https://registry.npmjs.org/@testing-library/jest-dom/-/jest-dom-5.14.1.tgz"
    "version" "5.14.1"
    dependencies:
      "@babel/runtime" "^7.9.2"
      "@types/testing-library__jest-dom" "^5.9.1"
      "aria-query" "^4.2.2"
      "chalk" "^3.0.0"
      "css" "^3.0.0"
      "css.escape" "^1.5.1"
      "dom-accessibility-api" "^0.5.6"
      "lodash" "^4.17.15"
      "redent" "^3.0.0"
  
  "@testing-library/react@^11.1.0":
    "integrity" "sha512-tzRNp7pzd5QmbtXNG/mhdcl7Awfu/Iz1RaVHY75zTdOkmHCuzMhRL83gWHSgOAcjS3CCbyfwUHMZgRJb4kAfpA=="
    "resolved" "https://registry.npmjs.org/@testing-library/react/-/react-11.2.7.tgz"
    "version" "11.2.7"
    dependencies:
      "@babel/runtime" "^7.12.5"
      "@testing-library/dom" "^7.28.1"
  
  "@testing-library/user-event@^12.1.10":
    "integrity" "sha512-IR0iWbFkgd56Bu5ZI/ej8yQwrkCv8Qydx6RzwbKz9faXazR/+5tvYKsZQgyXJiwgpcva127YO6JcWy7YlCfofQ=="
    "resolved" "https://registry.npmjs.org/@testing-library/user-event/-/user-event-12.8.3.tgz"
    "version" "12.8.3"
    dependencies:
      "@babel/runtime" "^7.12.5"
  
  "@types/anymatch@*":
    "integrity" "sha512-/+CRPXpBDpo2RK9C68N3b2cOvO0Cf5B9aPijHsoDQTHivnGSObdOF2BRQOYjojWTDy6nQvMjmqRXIxH55VjxxA=="
    "resolved" "https://registry.npmjs.org/@types/anymatch/-/anymatch-1.3.1.tgz"
    "version" "1.3.1"
  
  "@types/aria-query@^4.2.0":
    "integrity" "sha512-HnYpAE1Y6kRyKM/XkEuiRQhTHvkzMBurTHnpFLYLBGPIylZNPs9jJcuOOYWxPLJCSEtmZT0Y8rHDokKN7rRTig=="
    "resolved" "https://registry.npmjs.org/@types/aria-query/-/aria-query-4.2.2.tgz"
    "version" "4.2.2"
  
  "@types/babel__core@^7.0.0", "@types/babel__core@^7.1.7":
    "integrity" "sha512-wMTHiiTiBAAPebqaPiPDLFA4LYPKr6Ph0Xq/6rq1Ur3v66HXyG+clfR9CNETkD7MQS8ZHvpQOtA53DLws5WAEQ=="
    "resolved" "https://registry.npmjs.org/@types/babel__core/-/babel__core-7.1.12.tgz"
    "version" "7.1.12"
    dependencies:
      "@babel/parser" "^7.1.0"
      "@babel/types" "^7.0.0"
      "@types/babel__generator" "*"
      "@types/babel__template" "*"
      "@types/babel__traverse" "*"
  
  "@types/babel__generator@*":
    "integrity" "sha512-MdSJnBjl+bdwkLskZ3NGFp9YcXGx5ggLpQQPqtgakVhsWK0hTtNYhjpZLlWQTviGTvF8at+Bvli3jV7faPdgeQ=="
    "resolved" "https://registry.npmjs.org/@types/babel__generator/-/babel__generator-7.6.2.tgz"
    "version" "7.6.2"
    dependencies:
      "@babel/types" "^7.0.0"
  
  "@types/babel__template@*":
    "integrity" "sha512-NTPErx4/FiPCGScH7foPyr+/1Dkzkni+rHiYHHoTjvwou7AQzJkNeD60A9CXRy+ZEN2B1bggmkTMCDb+Mv5k+A=="
    "resolved" "https://registry.npmjs.org/@types/babel__template/-/babel__template-7.4.0.tgz"
    "version" "7.4.0"
    dependencies:
      "@babel/parser" "^7.1.0"
      "@babel/types" "^7.0.0"
  
  "@types/babel__traverse@*", "@types/babel__traverse@^7.0.4", "@types/babel__traverse@^7.0.6":
    "integrity" "sha512-kSjgDMZONiIfSH1Nxcr5JIRMwUetDki63FSQfpTCz8ogF3Ulqm8+mr5f78dUYs6vMiB6gBusQqfQmBvHZj/lwg=="
    "resolved" "https://registry.npmjs.org/@types/babel__traverse/-/babel__traverse-7.11.0.tgz"
    "version" "7.11.0"
    dependencies:
      "@babel/types" "^7.3.0"
  
  "@types/eslint@^7.2.6":
    "integrity" "sha512-I+1sYH+NPQ3/tVqCeUSBwTE/0heyvtXqpIopUUArlBm0Kpocb8FbMa3AZ/ASKIFpN3rnEx932TTXDbt9OXsNDw=="
    "resolved" "https://registry.npmjs.org/@types/eslint/-/eslint-7.2.6.tgz"
    "version" "7.2.6"
    dependencies:
      "@types/estree" "*"
      "@types/json-schema" "*"
  
  "@types/estree@*":
    "integrity" "sha512-laIjwTQaD+5DukBZaygQ79K1Z0jb1bPEMRrkXSLjtCcZm+abyp5YbrqpSLzD42FwWW6gK/aS4NYpJ804nG2brg=="
    "resolved" "https://registry.npmjs.org/@types/estree/-/estree-0.0.46.tgz"
    "version" "0.0.46"
  
  "@types/estree@0.0.39":
    "integrity" "sha512-EYNwp3bU+98cpU4lAWYYL7Zz+2gryWH1qbdDTidVd6hkiR6weksdbMadyXKXNPEkQFhXM+hVO9ZygomHXp+AIw=="
    "resolved" "https://registry.npmjs.org/@types/estree/-/estree-0.0.39.tgz"
    "version" "0.0.39"
  
  "@types/glob@^7.1.1":
    "integrity" "sha512-SEYeGAIQIQX8NN6LDKprLjbrd5dARM5EXsd8GI/A5l0apYI1fGMWgPHSe4ZKL4eozlAyI+doUE9XbYS4xCkQ1w=="
    "resolved" "https://registry.npmjs.org/@types/glob/-/glob-7.1.3.tgz"
    "version" "7.1.3"
    dependencies:
      "@types/minimatch" "*"
      "@types/node" "*"
  
  "@types/graceful-fs@^4.1.2":
    "integrity" "sha512-anKkLmZZ+xm4p8JWBf4hElkM4XR+EZeA2M9BAkkTldmcyDY4mbdIJnRghDJH3Ov5ooY7/UAoENtmdMSkaAd7Cw=="
    "resolved" "https://registry.npmjs.org/@types/graceful-fs/-/graceful-fs-4.1.5.tgz"
    "version" "4.1.5"
    dependencies:
      "@types/node" "*"
  
  "@types/hoist-non-react-statics@^3.3.0":
    "integrity" "sha512-iMIqiko6ooLrTh1joXodJK5X9xeEALT1kM5G3ZLhD3hszxBdIEd5C75U834D9mLcINgD4OyZf5uQXjkuYydWvA=="
    "resolved" "https://registry.npmjs.org/@types/hoist-non-react-statics/-/hoist-non-react-statics-3.3.1.tgz"
    "version" "3.3.1"
    dependencies:
      "@types/react" "*"
      "hoist-non-react-statics" "^3.3.0"
  
  "@types/html-minifier-terser@^5.0.0":
    "integrity" "sha512-giAlZwstKbmvMk1OO7WXSj4OZ0keXAcl2TQq4LWHiiPH2ByaH7WeUzng+Qej8UPxxv+8lRTuouo0iaNDBuzIBA=="
    "resolved" "https://registry.npmjs.org/@types/html-minifier-terser/-/html-minifier-terser-5.1.1.tgz"
    "version" "5.1.1"
  
  "@types/istanbul-lib-coverage@*", "@types/istanbul-lib-coverage@^2.0.0", "@types/istanbul-lib-coverage@^2.0.1":
    "integrity" "sha512-sz7iLqvVUg1gIedBOvlkxPlc8/uVzyS5OwGz1cKjXzkl3FpL3al0crU8YGU1WoHkxn0Wxbw5tyi6hvzJKNzFsw=="
    "resolved" "https://registry.npmjs.org/@types/istanbul-lib-coverage/-/istanbul-lib-coverage-2.0.3.tgz"
    "version" "2.0.3"
  
  "@types/istanbul-lib-report@*":
    "integrity" "sha512-plGgXAPfVKFoYfa9NpYDAkseG+g6Jr294RqeqcqDixSbU34MZVJRi/P+7Y8GDpzkEwLaGZZOpKIEmeVZNtKsrg=="
    "resolved" "https://registry.npmjs.org/@types/istanbul-lib-report/-/istanbul-lib-report-3.0.0.tgz"
    "version" "3.0.0"
    dependencies:
      "@types/istanbul-lib-coverage" "*"
  
  "@types/istanbul-reports@^3.0.0":
    "integrity" "sha512-nwKNbvnwJ2/mndE9ItP/zc2TCzw6uuodnF4EHYWD+gCQDVBuRQL5UzbZD0/ezy1iKsFU2ZQiDqg4M9dN4+wZgA=="
    "resolved" "https://registry.npmjs.org/@types/istanbul-reports/-/istanbul-reports-3.0.0.tgz"
    "version" "3.0.0"
    dependencies:
      "@types/istanbul-lib-report" "*"
  
  "@types/jest@*":
    "integrity" "sha512-E/X5Vib8BWqZNRlDxj9vYXhsDwPYbPINqKF9BsnSoon4RQ0D9moEuLD8txgyypFLH7J4+Lho9Nr/c8H0Fi+17w=="
    "resolved" "https://registry.npmjs.org/@types/jest/-/jest-26.0.24.tgz"
    "version" "26.0.24"
    dependencies:
      "jest-diff" "^26.0.0"
      "pretty-format" "^26.0.0"
  
  "@types/json-schema@*", "@types/json-schema@^7.0.3", "@types/json-schema@^7.0.5", "@types/json-schema@^7.0.6":
    "integrity" "sha512-cxWFQVseBm6O9Gbw1IWb8r6OS4OhSt3hPZLkFApLjM8TEXROBuQGLAH2i2gZpcXdLBIrpXuTDhH7Vbm1iXmNGA=="
    "resolved" "https://registry.npmjs.org/@types/json-schema/-/json-schema-7.0.7.tgz"
    "version" "7.0.7"
  
  "@types/json5@^0.0.29":
    "integrity" "sha1-7ihweulOEdK4J7y+UnC86n8+ce4="
    "resolved" "https://registry.npmjs.org/@types/json5/-/json5-0.0.29.tgz"
    "version" "0.0.29"
  
  "@types/minimatch@*":
    "integrity" "sha512-tHq6qdbT9U1IRSGf14CL0pUlULksvY9OZ+5eEgl1N7t+OA3tGvNpxJCzuKQlsNgCVwbAs670L1vcVQi8j9HjnA=="
    "resolved" "https://registry.npmjs.org/@types/minimatch/-/minimatch-3.0.3.tgz"
    "version" "3.0.3"
  
  "@types/node@*":
    "integrity" "sha512-vFHy/ezP5qI0rFgJ7aQnjDXwAMrG0KqqIH7tQG5PPv3BWBayOPIQNBjVc/P6hhdZfMx51REc6tfDNXHUio893g=="
    "resolved" "https://registry.npmjs.org/@types/node/-/node-14.14.31.tgz"
    "version" "14.14.31"
  
  "@types/normalize-package-data@^2.4.0":
    "integrity" "sha512-f5j5b/Gf71L+dbqxIpQ4Z2WlmI/mPJ0fOkGGmFgtb6sAu97EPczzbS3/tJKxmcYDj55OX6ssqwDAWOHIYDRDGA=="
    "resolved" "https://registry.npmjs.org/@types/normalize-package-data/-/normalize-package-data-2.4.0.tgz"
    "version" "2.4.0"
  
  "@types/parse-json@^4.0.0":
    "integrity" "sha512-//oorEZjL6sbPcKUaCdIGlIUeH26mgzimjBB77G6XRgnDl/L5wOnpyBGRe/Mmf5CVW3PwEBE1NjiMZ/ssFh4wA=="
    "resolved" "https://registry.npmjs.org/@types/parse-json/-/parse-json-4.0.0.tgz"
    "version" "4.0.0"
  
  "@types/prettier@^2.0.0":
    "integrity" "sha512-DxZZbyMAM9GWEzXL+BMZROWz9oo6A9EilwwOMET2UVu2uZTqMWS5S69KVtuVKaRjCUpcrOXRalet86/OpG4kqw=="
    "resolved" "https://registry.npmjs.org/@types/prettier/-/prettier-2.2.1.tgz"
    "version" "2.2.1"
  
  "@types/prop-types@*":
    "integrity" "sha512-rZ5drC/jWjrArrS8BR6SIr4cWpW09RNTYt9AMZo3Jwwif+iacXAqgVjm0B0Bv/S1jhDXKHqRVNCbACkJ89RAnQ=="
    "resolved" "https://registry.npmjs.org/@types/prop-types/-/prop-types-15.7.4.tgz"
    "version" "15.7.4"
  
  "@types/q@^1.5.1":
    "integrity" "sha512-1HcDas8SEj4z1Wc696tH56G8OlRaH/sqZOynNNB+HF0WOeXPaxTtbYzJY2oEfiUxjSKjhCKr+MvR7dCHcEelug=="
    "resolved" "https://registry.npmjs.org/@types/q/-/q-1.5.4.tgz"
    "version" "1.5.4"
  
  "@types/react-redux@^7.1.16":
    "integrity" "sha512-9iwAsPyJ9DLTRH+OFeIrm9cAbIj1i2ANL3sKQFATqnPWRbg+jEFXyZOKHiQK/N86pNRXbb4HRxAxo0SIX1XwzQ=="
    "resolved" "https://registry.npmjs.org/@types/react-redux/-/react-redux-7.1.18.tgz"
    "version" "7.1.18"
    dependencies:
      "@types/hoist-non-react-statics" "^3.3.0"
      "@types/react" "*"
      "hoist-non-react-statics" "^3.3.0"
      "redux" "^4.0.0"
  
  "@types/react@*":
    "integrity" "sha512-uTKHDK9STXFHLaKv6IMnwp52fm0hwU+N89w/p9grdUqcFA6WuqDyPhaWopbNyE1k/VhgzmHl8pu1L4wITtmlLw=="
    "resolved" "https://registry.npmj